#
# A fatal error has been detected by the Java Runtime Environment:
#
#  EXCEPTION_ACCESS_VIOLATION (0xc0000005) at pc=0x6d0b6ae0, pid=5300, tid=4716
#
# JRE version: 6.0_20-b02
# Java VM: Java HotSpot(TM) Client VM (16.3-b01 mixed mode, sharing windows-x86 )
# Problematic frame:
# C  [awt.dll+0xb6ae0]
#
# If you would like to submit a bug report, please visit:
#   http://java.sun.com/webapps/bugreport/crash.jsp
# The crash happened outside the Java Virtual Machine in native code.
# See problematic frame for where to report the bug.
#

---------------  T H R E A D  ---------------

Current thread (0x04793c00):  JavaThread "AWT-Windows" daemon [_thread_in_native, id=4716, stack(0x04c30000,0x04c80000)]

siginfo: ExceptionCode=0xc0000005, reading address 0x00000000

Registers:
EAX=0x04c7f878, EBX=0x047a0900, ECX=0x00000234, EDX=0x000000c0
ESP=0x04c7f860, EBP=0x769b1450, ESI=0x00000000, EDI=0x000000c0
EIP=0x6d0b6ae0, EFLAGS=0x00010216

Top of Stack: (sp=0x04c7f860)
0x04c7f860:   04c7f878 00001000 00000000 047975a0
0x04c7f870:   00000001 04c7f868 04c7f86c 6d0ae4bd
0x04c7f880:   00000000 00000000 047975a0 6d0ae58a
0x04c7f890:   00000000 047975a0 00000001 6d0ae68e
0x04c7f8a0:   047975a0 6d0637c2 01d23a58 00000000
0x04c7f8b0:   6d0b05c0 00000001 6d102f50 6d102938
0x04c7f8c0:   01d23a58 6d0b19e2 6d102f48 6d0b1bc9
0x04c7f8d0:   6d09a453 00000000 0000126c 00000000 

Instructions: (pc=0x6d0b6ae0)
0x6d0b6ad0:   05 00 20 00 00 50 c1 e2 05 8d 44 24 14 50 8b fa
0x6d0b6ae0:   8b 16 57 c1 e1 05 51 56 ff 52 2c 85 c0 0f 8c 93 


Stack: [0x04c30000,0x04c80000],  sp=0x04c7f860,  free space=13e04c7f344k
Native frames: (J=compiled Java code, j=interpreted, Vv=VM code, C=native code)
C  [awt.dll+0xb6ae0]

Java frames: (J=compiled Java code, j=interpreted, Vv=VM code)
j  sun.awt.windows.WToolkit.eventLoop()V+0
j  sun.awt.windows.WToolkit.run()V+77
j  java.lang.Thread.run()V+11
v  ~StubRoutines::call_stub

---------------  P R O C E S S  ---------------

Java Threads: ( => current thread )
  0x07a4bc00 JavaThread "Thread-1" daemon [_thread_in_native, id=6656, stack(0x07680000,0x076d0000)]
  0x07b77400 JavaThread "Swing-Shell" daemon [_thread_in_native, id=4768, stack(0x07860000,0x078b0000)]
  0x047d7800 JavaThread "TimerQueue" daemon [_thread_blocked, id=6012, stack(0x07560000,0x075b0000)]
  0x02339c00 JavaThread "DestroyJavaVM" [_thread_blocked, id=4796, stack(0x001f0000,0x00240000)]
  0x04796400 JavaThread "AWT-EventQueue-0" [_thread_blocked, id=5248, stack(0x04d70000,0x04dc0000)]
=>0x04793c00 JavaThread "AWT-Windows" daemon [_thread_in_native, id=4716, stack(0x04c30000,0x04c80000)]
  0x04793000 JavaThread "AWT-Shutdown" [_thread_blocked, id=292, stack(0x04ba0000,0x04bf0000)]
  0x0477c000 JavaThread "Java2D Disposer" daemon [_thread_blocked, id=2408, stack(0x04b50000,0x04ba0000)]
  0x01d30000 JavaThread "Low Memory Detector" daemon [_thread_blocked, id=3804, stack(0x045c0000,0x04610000)]
  0x01d28c00 JavaThread "CompilerThread0" daemon [_thread_blocked, id=1112, stack(0x04530000,0x04580000)]
  0x01d27800 JavaThread "Attach Listener" daemon [_thread_blocked, id=6036, stack(0x044a0000,0x044f0000)]
  0x01d24400 JavaThread "Signal Dispatcher" daemon [_thread_blocked, id=4108, stack(0x04410000,0x04460000)]
  0x01ce2400 JavaThread "Finalizer" daemon [_thread_blocked, id=5960, stack(0x04380000,0x043d0000)]
  0x01ce1000 JavaThread "Reference Handler" daemon [_thread_blocked, id=3556, stack(0x022b0000,0x02300000)]

Other Threads:
  0x01cdfc00 VMThread [stack: 0x01e30000,0x01e80000] [id=4676]
  0x01d31c00 WatcherThread [stack: 0x04650000,0x046a0000] [id=5292]

VM state:not at safepoint (normal execution)

VM Mutex/Monitor currently owned by a thread: None

Heap
 def new generation   total 4928K, used 2930K [0x24170000, 0x246c0000, 0x296c0000)
  eden space 4416K,  65% used [0x24170000, 0x244478e8, 0x245c0000)
  from space 512K,   3% used [0x24640000, 0x24645138, 0x246c0000)
  to   space 512K,   0% used [0x245c0000, 0x245c0000, 0x24640000)
 tenured generation   total 10944K, used 5577K [0x296c0000, 0x2a170000, 0x34170000)
   the space 10944K,  50% used [0x296c0000, 0x29c32488, 0x29c32600, 0x2a170000)
 compacting perm gen  total 12288K, used 5003K [0x34170000, 0x34d70000, 0x38170000)
   the space 12288K,  40% used [0x34170000, 0x34652e80, 0x34653000, 0x34d70000)
    ro space 10240K,  51% used [0x38170000, 0x3869ae00, 0x3869ae00, 0x38b70000)
    rw space 12288K,  54% used [0x38b70000, 0x392072d8, 0x39207400, 0x39770000)

Dynamic libraries:
0x00400000 - 0x00424000 	C:\Program Files (x86)\Java\jre6\bin\javaw.exe
0x77ab0000 - 0x77c30000 	C:\Windows\SysWOW64\ntdll.dll
0x769a0000 - 0x76aa0000 	C:\Windows\syswow64\kernel32.dll
0x764e0000 - 0x76526000 	C:\Windows\syswow64\KERNELBASE.dll
0x77610000 - 0x776b0000 	C:\Windows\syswow64\ADVAPI32.dll
0x76630000 - 0x766dc000 	C:\Windows\syswow64\msvcrt.dll
0x76770000 - 0x76789000 	C:\Windows\SysWOW64\sechost.dll
0x76dd0000 - 0x76ec0000 	C:\Windows\syswow64\RPCRT4.dll
0x75620000 - 0x75680000 	C:\Windows\syswow64\SspiCli.dll
0x75610000 - 0x7561c000 	C:\Windows\syswow64\CRYPTBASE.dll
0x75680000 - 0x75780000 	C:\Windows\syswow64\USER32.dll
0x77290000 - 0x77320000 	C:\Windows\syswow64\GDI32.dll
0x77600000 - 0x7760a000 	C:\Windows\syswow64\LPK.dll
0x76aa0000 - 0x76b3d000 	C:\Windows\syswow64\USP10.dll
0x75780000 - 0x757e0000 	C:\Windows\system32\IMM32.DLL
0x76b70000 - 0x76c3c000 	C:\Windows\syswow64\MSCTF.dll
0x7c340000 - 0x7c396000 	C:\Program Files (x86)\Java\jre6\bin\msvcr71.dll
0x6d800000 - 0x6da97000 	C:\Program Files (x86)\Java\jre6\bin\client\jvm.dll
0x74090000 - 0x740c2000 	C:\Windows\system32\WINMM.dll
0x73d00000 - 0x73d4b000 	C:\Windows\system32\apphelp.dll
0x6d7b0000 - 0x6d7bc000 	C:\Program Files (x86)\Java\jre6\bin\verify.dll
0x6d330000 - 0x6d34f000 	C:\Program Files (x86)\Java\jre6\bin\java.dll
0x6d290000 - 0x6d298000 	C:\Program Files (x86)\Java\jre6\bin\hpi.dll
0x77a80000 - 0x77a85000 	C:\Windows\syswow64\PSAPI.DLL
0x6d7f0000 - 0x6d7ff000 	C:\Program Files (x86)\Java\jre6\bin\zip.dll
0x6d000000 - 0x6d14a000 	C:\Program Files (x86)\Java\jre6\bin\awt.dll
0x730e0000 - 0x73131000 	C:\Windows\system32\WINSPOOL.DRV
0x76820000 - 0x7697c000 	C:\Windows\syswow64\ole32.dll
0x73e60000 - 0x73ffe000 	C:\Windows\WinSxS\x86_microsoft.windows.common-controls_6595b64144ccf1df_6.0.7600.16385_none_421189da2b7fabfc\COMCTL32.dll
0x76f60000 - 0x76fb7000 	C:\Windows\syswow64\SHLWAPI.dll
0x751d0000 - 0x751e3000 	C:\Windows\system32\DWMAPI.DLL
0x751f0000 - 0x75270000 	C:\Windows\system32\uxtheme.dll
0x3aa00000 - 0x3ab06000 	C:\Program Files (x86)\ABBYY Lingvo x3\LvHook.dll
0x757e0000 - 0x76429000 	C:\Windows\syswow64\SHELL32.dll
0x76790000 - 0x7681f000 	C:\Windows\syswow64\OLEAUT32.dll
0x6d230000 - 0x6d284000 	C:\Program Files (x86)\Java\jre6\bin\fontmanager.dll
0x6e470000 - 0x6e633000 	C:\Windows\system32\d3d9.dll
0x74080000 - 0x74089000 	C:\Windows\system32\VERSION.dll
0x701b0000 - 0x701b6000 	C:\Windows\system32\d3d8thk.dll
0x04e60000 - 0x055bc000 	C:\Windows\system32\nvd3dum.dll
0x6f700000 - 0x6f725000 	C:\Windows\system32\powrprof.dll
0x77460000 - 0x775fd000 	C:\Windows\syswow64\SETUPAPI.dll
0x76ef0000 - 0x76f17000 	C:\Windows\syswow64\CFGMGR32.dll
0x76980000 - 0x76992000 	C:\Windows\syswow64\DEVOBJ.dll
0x6d610000 - 0x6d623000 	C:\Program Files (x86)\Java\jre6\bin\net.dll
0x76f20000 - 0x76f55000 	C:\Windows\syswow64\WS2_32.dll
0x76c40000 - 0x76c46000 	C:\Windows\syswow64\NSI.dll
0x73c00000 - 0x73c3c000 	C:\Windows\system32\mswsock.dll
0x73a30000 - 0x73a36000 	C:\Windows\System32\wship6.dll
0x6d630000 - 0x6d639000 	C:\Program Files (x86)\Java\jre6\bin\nio.dll
0x73a20000 - 0x73a25000 	C:\Windows\System32\wshtcpip.dll
0x73bb0000 - 0x73bf4000 	C:\Windows\system32\DNSAPI.dll
0x740e0000 - 0x740fc000 	C:\Windows\system32\IPHLPAPI.DLL
0x740d0000 - 0x740d7000 	C:\Windows\system32\WINNSI.DLL
0x736f0000 - 0x736f6000 	C:\Windows\system32\rasadhlp.dll
0x750e0000 - 0x75118000 	C:\Windows\System32\fwpuclnt.dll
0x74060000 - 0x74076000 	C:\Windows\system32\CRYPTSP.dll
0x74020000 - 0x7405b000 	C:\Windows\system32\rsaenh.dll
0x72f60000 - 0x72f77000 	C:\Windows\system32\USERENV.dll
0x73230000 - 0x7323b000 	C:\Windows\system32\profapi.dll
0x737e0000 - 0x737f0000 	C:\Windows\system32\NLAapi.dll
0x737b0000 - 0x737b8000 	C:\Windows\System32\winrnr.dll
0x737a0000 - 0x737b0000 	C:\Windows\system32\napinsp.dll
0x73780000 - 0x73792000 	C:\Windows\system32\pnrpnsp.dll
0x73700000 - 0x7370d000 	C:\Windows\system32\wshbth.dll
0x76450000 - 0x764d3000 	C:\Windows\syswow64\CLBCatQ.DLL
0x73d50000 - 0x73e45000 	C:\Windows\system32\propsys.dll
0x731a0000 - 0x731c1000 	C:\Windows\system32\ntmarta.dll
0x77040000 - 0x77085000 	C:\Windows\syswow64\WLDAP32.dll
0x6e640000 - 0x6e7d8000 	C:\Windows\system32\NetworkExplorer.dll
0x72fd0000 - 0x72ffe000 	C:\Windows\System32\shdocvw.dll
0x737c0000 - 0x737ca000 	C:\Windows\system32\slc.dll
0x74820000 - 0x74832000 	C:\Windows\system32\MPR.dll
0x10000000 - 0x10013000 	C:\Program Files (x86)\Common Files\Adobe\Adobe Drive CS4\AdobeDriveCS4_NP.dll
0x73010000 - 0x73018000 	C:\Windows\System32\drprov.dll
0x73030000 - 0x73059000 	C:\Windows\System32\WINSTA.dll
0x72fb0000 - 0x72fc4000 	C:\Windows\System32\ntlanman.dll
0x72f90000 - 0x72fa6000 	C:\Windows\System32\davclnt.dll
0x73020000 - 0x73028000 	C:\Windows\System32\DAVHLPR.dll
0x731d0000 - 0x731df000 	C:\Windows\system32\wkscli.dll
0x737d0000 - 0x737db000 	C:\Windows\system32\cscapi.dll
0x73200000 - 0x73209000 	C:\Windows\system32\netutils.dll
0x6fd60000 - 0x6fde9000 	C:\Windows\system32\PortableDeviceApi.dll
0x76ec0000 - 0x76eed000 	C:\Windows\syswow64\WINTRUST.dll
0x76c50000 - 0x76d6c000 	C:\Windows\syswow64\CRYPT32.dll
0x76440000 - 0x7644c000 	C:\Windows\syswow64\MSASN1.dll
0x70780000 - 0x707ab000 	C:\Windows\system32\PortableDeviceTypes.dll
0x6ff50000 - 0x6ff72000 	C:\Windows\system32\EhStorAPI.dll
0x73e50000 - 0x73e59000 	C:\Windows\system32\LINKINFO.dll
0x6d1a0000 - 0x6d1c3000 	C:\Program Files (x86)\Java\jre6\bin\dcpr.dll
0x701a0000 - 0x701a7000 	C:\Windows\system32\msiltcfg.dll
0x73270000 - 0x734b0000 	C:\Windows\system32\msi.dll
0x734f0000 - 0x734f3000 	C:\Windows\SysWOW64\SFC.DLL
0x734e0000 - 0x734ed000 	C:\Windows\system32\sfc_os.DLL

VM Arguments:
jvm_args: -Dfile.encoding=Cp1251 
java_command: base_gui.Launcher
Launcher Type: SUN_STANDARD

Environment Variables:
PATH=C:/Program Files (x86)/Java/jre6/bin/client;C:/Program Files (x86)/Java/jre6/bin;D:\Program files\CodeGear\RAD Studio\6.0\bin;C:\Users\Public\Documents\RAD Studio\6.0\Bpl;C:\Windows\system32;C:\Windows;C:\Windows\System32\Wbem;C:\Windows\System32\WindowsPowerShell\v1.0\;C:\Program Files (x86)\TC UP\PLUGINS\Library;c:\Program Files (x86)\Microsoft SQL Server\90\Tools\binn\;D:\Program files\Delphi Prism\bin;D:\Program files\Delphi Prism\bin;C:\Users\Public\Documents\RAD Studio\6.0\Bpl
USERNAME=RX
OS=Windows_NT
PROCESSOR_IDENTIFIER=AMD64 Family 15 Model 104 Stepping 2, AuthenticAMD



---------------  S Y S T E M  ---------------

OS: Windows 7 Build 7600 

CPU:total 2 (2 cores per cpu, 1 threads per core) family 15 model 104 stepping 2, cmov, cx8, fxsr, mmx, sse, sse2, sse3, mmxext, 3dnow, 3dnowext

Memory: 4k page, physical 4193204k(1935776k free), swap 8384512k(5683844k free)

vm_info: Java HotSpot(TM) Client VM (16.3-b01) for windows-x86 JRE (1.6.0_20-b02), built on Apr 12 2010 13:52:23 by "java_re" with MS VC++ 7.1 (VS2003)

time: Thu Aug 26 11:25:51 2010
elapsed time: 21288 seconds

