#
# A fatal error has been detected by the Java Runtime Environment:
#
#  EXCEPTION_ACCESS_VIOLATION (0xc0000005) at pc=0x6d0b6b30, pid=1888, tid=6724
#
# JRE version: 6.0_22-b04
# Java VM: Java HotSpot(TM) Client VM (17.1-b03 mixed mode, sharing windows-x86 )
# Problematic frame:
# C  [awt.dll+0xb6b30]
#
# If you would like to submit a bug report, please visit:
#   http://java.sun.com/webapps/bugreport/crash.jsp
# The crash happened outside the Java Virtual Machine in native code.
# See problematic frame for where to report the bug.
#

---------------  T H R E A D  ---------------

Current thread (0x04942400):  JavaThread "AWT-Windows" daemon [_thread_in_native, id=6724, stack(0x04c40000,0x04c90000)]

siginfo: ExceptionCode=0xc0000005, reading address 0x00000000

Registers:
EAX=0x04c8fa78, EBX=0x0494c170, ECX=0x000000c0, EDX=0x000000c0
ESP=0x04c8fa60, EBP=0x76191450, ESI=0x00000000, EDI=0x000000c0
EIP=0x6d0b6b30, EFLAGS=0x00010216

Top of Stack: (sp=0x04c8fa60)
0x04c8fa60:   04c8fa78 00001000 00000000 0494bf50
0x04c8fa70:   00000001 04c8fa68 04c8fa6c 6d0ae4fd
0x04c8fa80:   00000000 00000000 0494bf50 6d0ae5ca
0x04c8fa90:   00000000 0494bf50 00000001 6d0ae6ce
0x04c8faa0:   0494bf50 6d063812 020c7490 00000000
0x04c8fab0:   6d0b0630 00000001 6d102f58 6d102940
0x04c8fac0:   020c7490 6d0b1a32 6d102f50 6d0b1c19
0x04c8fad0:   6d09a4b3 00000000 00001a44 00000000 

Instructions: (pc=0x6d0b6b30)
0x6d0b6b20:   05 00 20 00 00 50 c1 e2 05 8d 44 24 14 50 8b fa
0x6d0b6b30:   8b 16 57 c1 e1 05 51 56 ff 52 2c 85 c0 0f 8c 93 


Stack: [0x04c40000,0x04c90000],  sp=0x04c8fa60,  free space=13e04c8f544k
Native frames: (J=compiled Java code, j=interpreted, Vv=VM code, C=native code)
C  [awt.dll+0xb6b30]

Java frames: (J=compiled Java code, j=interpreted, Vv=VM code)
j  sun.awt.windows.WToolkit.eventLoop()V+0
j  sun.awt.windows.WToolkit.run()V+52
j  java.lang.Thread.run()V+11
v  ~StubRoutines::call_stub

---------------  P R O C E S S  ---------------

Java Threads: ( => current thread )
  0x07b6cc00 JavaThread "Thread-1" daemon [_thread_in_native, id=7852, stack(0x07f50000,0x07fa0000)]
  0x07b6b400 JavaThread "AWT-EventQueue-0" [_thread_blocked, id=7780, stack(0x07980000,0x079d0000)]
  0x07b6c400 JavaThread "Thread-9" [_thread_blocked, id=6160, stack(0x08cf0000,0x08d40000)]
  0x07b6b800 JavaThread "Swing-Shell" daemon [_thread_blocked, id=7544, stack(0x085b0000,0x08600000)]
  0x04985000 JavaThread "TimerQueue" daemon [_thread_blocked, id=4832, stack(0x06d50000,0x06da0000)]
  0x003a9800 JavaThread "DestroyJavaVM" [_thread_blocked, id=888, stack(0x003b0000,0x00400000)]
=>0x04942400 JavaThread "AWT-Windows" daemon [_thread_in_native, id=6724, stack(0x04c40000,0x04c90000)]
  0x04941c00 JavaThread "AWT-Shutdown" [_thread_blocked, id=8016, stack(0x04bb0000,0x04c00000)]
  0x0493f800 JavaThread "Java2D Disposer" daemon [_thread_blocked, id=6884, stack(0x047c0000,0x04810000)]
  0x02117000 JavaThread "Low Memory Detector" daemon [_thread_blocked, id=5144, stack(0x04590000,0x045e0000)]
  0x02108400 JavaThread "CompilerThread0" daemon [_thread_blocked, id=8116, stack(0x04500000,0x04550000)]
  0x02106800 JavaThread "Attach Listener" daemon [_thread_blocked, id=6072, stack(0x04470000,0x044c0000)]
  0x02103800 JavaThread "Signal Dispatcher" daemon [_thread_blocked, id=7832, stack(0x043e0000,0x04430000)]
  0x020c2800 JavaThread "Finalizer" daemon [_thread_blocked, id=7596, stack(0x04350000,0x043a0000)]
  0x020c1000 JavaThread "Reference Handler" daemon [_thread_blocked, id=7872, stack(0x042c0000,0x04310000)]

Other Threads:
  0x020bfc00 VMThread [stack: 0x04230000,0x04280000] [id=7124]
  0x02132000 WatcherThread [stack: 0x04620000,0x04670000] [id=6168]

VM state:not at safepoint (normal execution)

VM Mutex/Monitor currently owned by a thread: None

Heap
 def new generation   total 4928K, used 3946K [0x24180000, 0x246d0000, 0x296d0000)
  eden space 4416K,  85% used [0x24180000, 0x2452e8c0, 0x245d0000)
  from space 512K,  34% used [0x24650000, 0x2467c1f0, 0x246d0000)
  to   space 512K,   0% used [0x245d0000, 0x245d0000, 0x24650000)
 tenured generation   total 10944K, used 7128K [0x296d0000, 0x2a180000, 0x34180000)
   the space 10944K,  65% used [0x296d0000, 0x29dc6370, 0x29dc6400, 0x2a180000)
 compacting perm gen  total 12288K, used 2343K [0x34180000, 0x34d80000, 0x38180000)
   the space 12288K,  19% used [0x34180000, 0x343c9c78, 0x343c9e00, 0x34d80000)
    ro space 10240K,  51% used [0x38180000, 0x386abaf8, 0x386abc00, 0x38b80000)
    rw space 12288K,  54% used [0x38b80000, 0x392176d8, 0x39217800, 0x39780000)

Dynamic libraries:
0x00400000 - 0x00424000 	C:\Program Files (x86)\Java\jre6\bin\javaw.exe
0x770b0000 - 0x77230000 	C:\Windows\SysWOW64\ntdll.dll
0x76180000 - 0x76280000 	C:\Windows\syswow64\kernel32.dll
0x76c60000 - 0x76ca6000 	C:\Windows\syswow64\KERNELBASE.dll
0x74cc0000 - 0x74d60000 	C:\Windows\syswow64\ADVAPI32.dll
0x76a10000 - 0x76abc000 	C:\Windows\syswow64\msvcrt.dll
0x76000000 - 0x76019000 	C:\Windows\SysWOW64\sechost.dll
0x75e40000 - 0x75f30000 	C:\Windows\syswow64\RPCRT4.dll
0x74c20000 - 0x74c80000 	C:\Windows\syswow64\SspiCli.dll
0x74c10000 - 0x74c1c000 	C:\Windows\syswow64\CRYPTBASE.dll
0x75d40000 - 0x75e40000 	C:\Windows\syswow64\USER32.dll
0x76b50000 - 0x76be0000 	C:\Windows\syswow64\GDI32.dll
0x76020000 - 0x7602a000 	C:\Windows\syswow64\LPK.dll
0x76670000 - 0x7670d000 	C:\Windows\syswow64\USP10.dll
0x76280000 - 0x762e0000 	C:\Windows\system32\IMM32.DLL
0x75f30000 - 0x75ffc000 	C:\Windows\syswow64\MSCTF.dll
0x7c340000 - 0x7c396000 	C:\Program Files (x86)\Java\jre6\bin\msvcr71.dll
0x6d7f0000 - 0x6da97000 	C:\Program Files (x86)\Java\jre6\bin\client\jvm.dll
0x73690000 - 0x736c2000 	C:\Windows\system32\WINMM.dll
0x73300000 - 0x7334b000 	C:\Windows\system32\apphelp.dll
0x6d7a0000 - 0x6d7ac000 	C:\Program Files (x86)\Java\jre6\bin\verify.dll
0x6d320000 - 0x6d33f000 	C:\Program Files (x86)\Java\jre6\bin\java.dll
0x6d280000 - 0x6d288000 	C:\Program Files (x86)\Java\jre6\bin\hpi.dll
0x77080000 - 0x77085000 	C:\Windows\syswow64\PSAPI.DLL
0x6d7e0000 - 0x6d7ef000 	C:\Program Files (x86)\Java\jre6\bin\zip.dll
0x6d000000 - 0x6d14a000 	C:\Program Files (x86)\Java\jre6\bin\awt.dll
0x74630000 - 0x74681000 	C:\Windows\system32\WINSPOOL.DRV
0x76510000 - 0x7666c000 	C:\Windows\syswow64\ole32.dll
0x73460000 - 0x735fe000 	C:\Windows\WinSxS\x86_microsoft.windows.common-controls_6595b64144ccf1df_6.0.7600.16385_none_421189da2b7fabfc\COMCTL32.dll
0x764a0000 - 0x764f7000 	C:\Windows\syswow64\SHLWAPI.dll
0x747d0000 - 0x747e3000 	C:\Windows\system32\DWMAPI.DLL
0x747f0000 - 0x74870000 	C:\Windows\system32\uxtheme.dll
0x3aa00000 - 0x3ab06000 	C:\Program Files (x86)\ABBYY Lingvo x3\LvHook.dll
0x74ff0000 - 0x75c39000 	C:\Windows\syswow64\SHELL32.dll
0x74f60000 - 0x74fef000 	C:\Windows\syswow64\OLEAUT32.dll
0x6d230000 - 0x6d27f000 	C:\Program Files (x86)\Java\jre6\bin\fontmanager.dll
0x74260000 - 0x74423000 	C:\Windows\system32\d3d9.dll
0x73680000 - 0x73689000 	C:\Windows\system32\VERSION.dll
0x74250000 - 0x74256000 	C:\Windows\system32\d3d8thk.dll
0x70a80000 - 0x711dc000 	C:\Windows\system32\nvd3dum.dll
0x740d0000 - 0x740f5000 	C:\Windows\system32\powrprof.dll
0x762e0000 - 0x7647d000 	C:\Windows\syswow64\SETUPAPI.dll
0x74c80000 - 0x74ca7000 	C:\Windows\syswow64\CFGMGR32.dll
0x76480000 - 0x76492000 	C:\Windows\syswow64\DEVOBJ.dll
0x6d600000 - 0x6d613000 	C:\Program Files (x86)\Java\jre6\bin\net.dll
0x767a0000 - 0x767d5000 	C:\Windows\syswow64\WS2_32.dll
0x74cb0000 - 0x74cb6000 	C:\Windows\syswow64\NSI.dll
0x73070000 - 0x730ac000 	C:\Windows\system32\mswsock.dll
0x72d80000 - 0x72d86000 	C:\Windows\System32\wship6.dll
0x6d620000 - 0x6d629000 	C:\Program Files (x86)\Java\jre6\bin\nio.dll
0x6d1a0000 - 0x6d1c3000 	C:\Program Files (x86)\Java\jre6\bin\dcpr.dll
0x76980000 - 0x76a03000 	C:\Windows\syswow64\CLBCatQ.DLL
0x6f750000 - 0x6f757000 	C:\Windows\system32\msiltcfg.dll
0x72980000 - 0x72bc0000 	C:\Windows\system32\msi.dll
0x73160000 - 0x73163000 	C:\Windows\SysWOW64\SFC.DLL
0x73150000 - 0x7315d000 	C:\Windows\system32\sfc_os.DLL
0x72c50000 - 0x72c55000 	C:\Windows\System32\wshtcpip.dll
0x73010000 - 0x73054000 	C:\Windows\system32\DNSAPI.dll
0x736e0000 - 0x736fc000 	C:\Windows\system32\IPHLPAPI.DLL
0x736d0000 - 0x736d7000 	C:\Windows\system32\WINNSI.DLL
0x72fa0000 - 0x72fa6000 	C:\Windows\system32\rasadhlp.dll
0x732a0000 - 0x732d8000 	C:\Windows\System32\fwpuclnt.dll
0x73360000 - 0x73455000 	C:\Windows\system32\propsys.dll
0x72e20000 - 0x72e41000 	C:\Windows\system32\ntmarta.dll
0x767e0000 - 0x76825000 	C:\Windows\syswow64\WLDAP32.dll
0x6f080000 - 0x6f218000 	C:\Windows\system32\NetworkExplorer.dll
0x71310000 - 0x7133e000 	C:\Windows\System32\shdocvw.dll
0x72830000 - 0x7283b000 	C:\Windows\system32\profapi.dll
0x72d00000 - 0x72d0a000 	C:\Windows\system32\slc.dll
0x73260000 - 0x73272000 	C:\Windows\system32\MPR.dll
0x10000000 - 0x10013000 	C:\Program Files (x86)\Common Files\Adobe\Adobe Drive CS4\AdobeDriveCS4_NP.dll
0x73230000 - 0x73238000 	C:\Windows\System32\drprov.dll
0x72360000 - 0x72389000 	C:\Windows\System32\WINSTA.dll
0x6f380000 - 0x6f394000 	C:\Windows\System32\ntlanman.dll
0x6f360000 - 0x6f376000 	C:\Windows\System32\davclnt.dll
0x6f350000 - 0x6f358000 	C:\Windows\System32\DAVHLPR.dll
0x73180000 - 0x7318f000 	C:\Windows\system32\wkscli.dll
0x72db0000 - 0x72dbb000 	C:\Windows\system32\cscapi.dll
0x73190000 - 0x73199000 	C:\Windows\system32\netutils.dll
0x6eaf0000 - 0x6ed28000 	C:\Windows\system32\wpdshext.dll
0x73f40000 - 0x740d0000 	C:\Windows\WinSxS\x86_microsoft.windows.gdiplus_6595b64144ccf1df_1.1.7600.16385_none_72fc7cbf861225ca\gdiplus.dll
0x6e990000 - 0x6ea19000 	C:\Windows\system32\PortableDeviceApi.dll
0x76710000 - 0x7673d000 	C:\Windows\syswow64\WINTRUST.dll
0x76060000 - 0x7617c000 	C:\Windows\syswow64\CRYPT32.dll
0x76970000 - 0x7697c000 	C:\Windows\syswow64\MSASN1.dll
0x6bff0000 - 0x6c02f000 	C:\Windows\system32\audiodev.dll
0x68900000 - 0x68b67000 	C:\Windows\system32\WMVCore.DLL
0x688c0000 - 0x688fd000 	C:\Windows\system32\WMASF.DLL
0x00000000 - 0x00000000 	
0x6e960000 - 0x6e982000 	C:\Windows\system32\EhStorAPI.dll
0x73350000 - 0x73359000 	C:\Windows\system32\LINKINFO.dll

VM Arguments:
jvm_args: -Djava.library.path=D:\Documents\M-Business Important\ICTV-Tool\COMPILING\MSS -Dfile.encoding=Cp1251 
java_command: base_gui.Launcher
Launcher Type: SUN_STANDARD

Environment Variables:
PATH=C:/Program Files (x86)/Java/jre6/bin/client;C:/Program Files (x86)/Java/jre6/bin;C:\Windows\system32;C:\Windows;C:\Windows\System32\Wbem;C:\Windows\System32\WindowsPowerShell\v1.0\;C:\Program Files (x86)\TC UP\PLUGINS\Library;c:\Program Files (x86)\Microsoft SQL Server\90\Tools\binn\;D:\Program files\Delphi Prism\bin;C:\Users\Public\Documents\RAD Studio\6.0\Bpl;C:\Program Files (x86)\clisp-2.49
USERNAME=RX
OS=Windows_NT
PROCESSOR_IDENTIFIER=AMD64 Family 15 Model 104 Stepping 2, AuthenticAMD



---------------  S Y S T E M  ---------------

OS: Windows 7 Build 7600 

CPU:total 2 (2 cores per cpu, 1 threads per core) family 15 model 104 stepping 2, cmov, cx8, fxsr, mmx, sse, sse2, sse3, mmxext, 3dnow, 3dnowext

Memory: 4k page, physical 4193204k(2360880k free), swap 7148524k(3789432k free)

vm_info: Java HotSpot(TM) Client VM (17.1-b03) for windows-x86 JRE (1.6.0_22-b04), built on Sep 15 2010 00:56:36 by "java_re" with MS VC++ 7.1 (VS2003)

time: Mon Feb 07 09:15:29 2011
elapsed time: 46559 seconds

