#
# A fatal error has been detected by the Java Runtime Environment:
#
#  EXCEPTION_ACCESS_VIOLATION (0xc0000005) at pc=0x6d0b6b30, pid=6896, tid=6180
#
# JRE version: 6.0_22-b04
# Java VM: Java HotSpot(TM) Client VM (17.1-b03 mixed mode, sharing windows-x86 )
# Problematic frame:
# C  [awt.dll+0xb6b30]
#
# If you would like to submit a bug report, please visit:
#   http://java.sun.com/webapps/bugreport/crash.jsp
# The crash happened outside the Java Virtual Machine in native code.
# See problematic frame for where to report the bug.
#

---------------  T H R E A D  ---------------

Current thread (0x04764400):  JavaThread "AWT-Windows" daemon [_thread_in_native, id=6180, stack(0x04c20000,0x04c70000)]

siginfo: ExceptionCode=0xc0000005, reading address 0x00000000

Registers:
EAX=0x04c6fa78, EBX=0x047cfed8, ECX=0x00000018, EDX=0x000000c0
ESP=0x04c6fa60, EBP=0x75511450, ESI=0x00000000, EDI=0x000000c0
EIP=0x6d0b6b30, EFLAGS=0x00010216

Top of Stack: (sp=0x04c6fa60)
0x04c6fa60:   04c6fa78 00001000 00000000 04771678
0x04c6fa70:   00000001 04c6fa68 04c6fa6c 6d0ae4fd
0x04c6fa80:   00000000 00000000 04771678 6d0ae5ca
0x04c6fa90:   00000000 04771678 00000001 6d0ae6ce
0x04c6faa0:   04771678 6d063812 004672b8 00000000
0x04c6fab0:   6d0b0630 00000001 6d102f58 6d102940
0x04c6fac0:   004672b8 6d0b1a32 6d102f50 6d0b1c19
0x04c6fad0:   6d09a4b3 00000000 00001824 00000000 

Instructions: (pc=0x6d0b6b30)
0x6d0b6b20:   05 00 20 00 00 50 c1 e2 05 8d 44 24 14 50 8b fa
0x6d0b6b30:   8b 16 57 c1 e1 05 51 56 ff 52 2c 85 c0 0f 8c 93 


Stack: [0x04c20000,0x04c70000],  sp=0x04c6fa60,  free space=13e04c6f544k
Native frames: (J=compiled Java code, j=interpreted, Vv=VM code, C=native code)
C  [awt.dll+0xb6b30]

Java frames: (J=compiled Java code, j=interpreted, Vv=VM code)
j  sun.awt.windows.WToolkit.eventLoop()V+0
j  sun.awt.windows.WToolkit.run()V+52
j  java.lang.Thread.run()V+11
v  ~StubRoutines::call_stub

---------------  P R O C E S S  ---------------

Java Threads: ( => current thread )
  0x082afc00 JavaThread "Thread-1" daemon [_thread_in_native, id=5864, stack(0x07450000,0x074a0000)]
  0x082b1400 JavaThread "AWT-EventQueue-0" [_thread_blocked, id=6348, stack(0x07280000,0x072d0000)]
  0x082b0400 JavaThread "Thread-9" [_thread_blocked, id=7016, stack(0x092e0000,0x09330000)]
  0x04811400 JavaThread "TimerQueue" daemon [_thread_blocked, id=6128, stack(0x075f0000,0x07640000)]
  0x02289800 JavaThread "DestroyJavaVM" [_thread_blocked, id=5772, stack(0x00370000,0x003c0000)]
=>0x04764400 JavaThread "AWT-Windows" daemon [_thread_in_native, id=6180, stack(0x04c20000,0x04c70000)]
  0x04764000 JavaThread "AWT-Shutdown" [_thread_blocked, id=7100, stack(0x04b90000,0x04be0000)]
  0x04761800 JavaThread "Java2D Disposer" daemon [_thread_blocked, id=5404, stack(0x04b00000,0x04b50000)]
  0x004b3c00 JavaThread "Low Memory Detector" daemon [_thread_blocked, id=4604, stack(0x045f0000,0x04640000)]
  0x004a8400 JavaThread "CompilerThread0" daemon [_thread_blocked, id=4656, stack(0x04560000,0x045b0000)]
  0x004a6c00 JavaThread "Attach Listener" daemon [_thread_blocked, id=6552, stack(0x044d0000,0x04520000)]
  0x004a3c00 JavaThread "Signal Dispatcher" daemon [_thread_blocked, id=6596, stack(0x04440000,0x04490000)]
  0x00465c00 JavaThread "Finalizer" daemon [_thread_blocked, id=6772, stack(0x043b0000,0x04400000)]
  0x00461000 JavaThread "Reference Handler" daemon [_thread_blocked, id=7004, stack(0x04320000,0x04370000)]

Other Threads:
  0x0045fc00 VMThread [stack: 0x04290000,0x042e0000] [id=6836]
  0x004cec00 WatcherThread [stack: 0x04680000,0x046d0000] [id=6416]

VM state:not at safepoint (normal execution)

VM Mutex/Monitor currently owned by a thread: None

Heap
 def new generation   total 9216K, used 6669K [0x24180000, 0x24b80000, 0x296d0000)
  eden space 8192K,  75% used [0x24180000, 0x24793a30, 0x24980000)
  from space 1024K,  43% used [0x24a80000, 0x24aefb98, 0x24b80000)
  to   space 1024K,   0% used [0x24980000, 0x24980000, 0x24a80000)
 tenured generation   total 20376K, used 19736K [0x296d0000, 0x2aab6000, 0x34180000)
   the space 20376K,  96% used [0x296d0000, 0x2aa160e0, 0x2aa16200, 0x2aab6000)
 compacting perm gen  total 12288K, used 2901K [0x34180000, 0x34d80000, 0x38180000)
   the space 12288K,  23% used [0x34180000, 0x34455570, 0x34455600, 0x34d80000)
    ro space 10240K,  51% used [0x38180000, 0x386abaf8, 0x386abc00, 0x38b80000)
    rw space 12288K,  54% used [0x38b80000, 0x392176d8, 0x39217800, 0x39780000)

Dynamic libraries:
0x00400000 - 0x00424000 	C:\Program Files (x86)\Java\jre6\bin\javaw.exe
0x77340000 - 0x774c0000 	C:\Windows\SysWOW64\ntdll.dll
0x75500000 - 0x75600000 	C:\Windows\syswow64\kernel32.dll
0x75160000 - 0x751a6000 	C:\Windows\syswow64\KERNELBASE.dll
0x74f10000 - 0x74fb0000 	C:\Windows\syswow64\ADVAPI32.dll
0x76400000 - 0x764ac000 	C:\Windows\syswow64\msvcrt.dll
0x751b0000 - 0x751c9000 	C:\Windows\SysWOW64\sechost.dll
0x753a0000 - 0x75490000 	C:\Windows\syswow64\RPCRT4.dll
0x74eb0000 - 0x74f10000 	C:\Windows\syswow64\SspiCli.dll
0x74ea0000 - 0x74eac000 	C:\Windows\syswow64\CRYPTBASE.dll
0x764b0000 - 0x765b0000 	C:\Windows\syswow64\USER32.dll
0x751d0000 - 0x75260000 	C:\Windows\syswow64\GDI32.dll
0x75490000 - 0x7549a000 	C:\Windows\syswow64\LPK.dll
0x76dd0000 - 0x76e6d000 	C:\Windows\syswow64\USP10.dll
0x76b50000 - 0x76bb0000 	C:\Windows\system32\IMM32.DLL
0x76e70000 - 0x76f3c000 	C:\Windows\syswow64\MSCTF.dll
0x7c340000 - 0x7c396000 	C:\Program Files (x86)\Java\jre6\bin\msvcr71.dll
0x6d7f0000 - 0x6da97000 	C:\Program Files (x86)\Java\jre6\bin\client\jvm.dll
0x73920000 - 0x73952000 	C:\Windows\system32\WINMM.dll
0x736a0000 - 0x736eb000 	C:\Windows\system32\apphelp.dll
0x6d7a0000 - 0x6d7ac000 	C:\Program Files (x86)\Java\jre6\bin\verify.dll
0x6d320000 - 0x6d33f000 	C:\Program Files (x86)\Java\jre6\bin\java.dll
0x6d280000 - 0x6d288000 	C:\Program Files (x86)\Java\jre6\bin\hpi.dll
0x77310000 - 0x77315000 	C:\Windows\syswow64\PSAPI.DLL
0x6d7e0000 - 0x6d7ef000 	C:\Program Files (x86)\Java\jre6\bin\zip.dll
0x6d000000 - 0x6d14a000 	C:\Program Files (x86)\Java\jre6\bin\awt.dll
0x718e0000 - 0x71931000 	C:\Windows\system32\WINSPOOL.DRV
0x766c0000 - 0x7681c000 	C:\Windows\syswow64\ole32.dll
0x736f0000 - 0x7388e000 	C:\Windows\WinSxS\x86_microsoft.windows.common-controls_6595b64144ccf1df_6.0.7600.16385_none_421189da2b7fabfc\COMCTL32.dll
0x754a0000 - 0x754f7000 	C:\Windows\syswow64\SHLWAPI.dll
0x71a20000 - 0x71a33000 	C:\Windows\system32\DWMAPI.DLL
0x71940000 - 0x719c0000 	C:\Windows\system32\uxtheme.dll
0x3aa00000 - 0x3ab06000 	C:\Program Files (x86)\ABBYY Lingvo x3\LvHook.dll
0x75760000 - 0x763a9000 	C:\Windows\syswow64\SHELL32.dll
0x76bb0000 - 0x76c3f000 	C:\Windows\syswow64\OLEAUT32.dll
0x6d230000 - 0x6d27f000 	C:\Program Files (x86)\Java\jre6\bin\fontmanager.dll
0x6e500000 - 0x6e6c3000 	C:\Windows\system32\d3d9.dll
0x73910000 - 0x73919000 	C:\Windows\system32\VERSION.dll
0x73440000 - 0x73446000 	C:\Windows\system32\d3d8thk.dll
0x6c840000 - 0x6cf9c000 	C:\Windows\system32\nvd3dum.dll
0x6e270000 - 0x6e295000 	C:\Windows\system32\powrprof.dll
0x74fc0000 - 0x7515d000 	C:\Windows\syswow64\SETUPAPI.dll
0x76820000 - 0x76847000 	C:\Windows\syswow64\CFGMGR32.dll
0x763b0000 - 0x763c2000 	C:\Windows\syswow64\DEVOBJ.dll
0x6d600000 - 0x6d613000 	C:\Program Files (x86)\Java\jre6\bin\net.dll
0x75600000 - 0x75635000 	C:\Windows\syswow64\WS2_32.dll
0x76b40000 - 0x76b46000 	C:\Windows\syswow64\NSI.dll
0x732e0000 - 0x7331c000 	C:\Windows\system32\mswsock.dll
0x72a80000 - 0x72a86000 	C:\Windows\System32\wship6.dll
0x6d620000 - 0x6d629000 	C:\Program Files (x86)\Java\jre6\bin\nio.dll
0x6d1a0000 - 0x6d1c3000 	C:\Program Files (x86)\Java\jre6\bin\dcpr.dll
0x765b0000 - 0x76633000 	C:\Windows\syswow64\CLBCatQ.DLL
0x72c00000 - 0x72c07000 	C:\Windows\system32\msiltcfg.dll
0x72e50000 - 0x73090000 	C:\Windows\system32\msi.dll
0x72a70000 - 0x72a75000 	C:\Windows\System32\wshtcpip.dll
0x733b0000 - 0x733b3000 	C:\Windows\SysWOW64\SFC.DLL
0x733a0000 - 0x733ad000 	C:\Windows\system32\sfc_os.DLL
0x73540000 - 0x73635000 	C:\Windows\system32\propsys.dll
0x72df0000 - 0x72e11000 	C:\Windows\system32\ntmarta.dll
0x76af0000 - 0x76b35000 	C:\Windows\syswow64\WLDAP32.dll
0x69c00000 - 0x69d98000 	C:\Windows\system32\NetworkExplorer.dll
0x6e240000 - 0x6e26e000 	C:\Windows\System32\shdocvw.dll
0x73690000 - 0x7369b000 	C:\Windows\system32\profapi.dll
0x734a0000 - 0x734aa000 	C:\Windows\system32\slc.dll
0x74bb0000 - 0x74bc2000 	C:\Windows\system32\MPR.dll
0x10000000 - 0x10013000 	C:\Program Files (x86)\Common Files\Adobe\Adobe Drive CS4\AdobeDriveCS4_NP.dll
0x71a60000 - 0x71a68000 	C:\Windows\System32\drprov.dll
0x747a0000 - 0x747c9000 	C:\Windows\System32\WINSTA.dll
0x6e4e0000 - 0x6e4f4000 	C:\Windows\System32\ntlanman.dll
0x6e440000 - 0x6e456000 	C:\Windows\System32\davclnt.dll
0x719c0000 - 0x719c8000 	C:\Windows\System32\DAVHLPR.dll
0x73490000 - 0x7349f000 	C:\Windows\system32\wkscli.dll
0x73670000 - 0x7367b000 	C:\Windows\system32\cscapi.dll
0x73640000 - 0x73649000 	C:\Windows\system32\netutils.dll
0x6e310000 - 0x6e399000 	C:\Windows\system32\PortableDeviceApi.dll
0x763d0000 - 0x763fd000 	C:\Windows\syswow64\WINTRUST.dll
0x75640000 - 0x7575c000 	C:\Windows\syswow64\CRYPT32.dll
0x76ae0000 - 0x76aec000 	C:\Windows\syswow64\MSASN1.dll
0x091f0000 - 0x0921b000 	C:\Windows\system32\PortableDeviceTypes.dll
0x6e2a0000 - 0x6e2c2000 	C:\Windows\system32\EhStorAPI.dll
0x73680000 - 0x73689000 	C:\Windows\system32\LINKINFO.dll
0x73220000 - 0x73226000 	C:\Windows\system32\rasadhlp.dll

VM Arguments:
jvm_args: -Djava.library.path=D:\Documents\M-Business Important\ICTV-Tool\COMPILING\MSS -Dfile.encoding=Cp1251 
java_command: base_gui.Launcher
Launcher Type: SUN_STANDARD

Environment Variables:
PATH=C:/Program Files (x86)/Java/jre6/bin/client;C:/Program Files (x86)/Java/jre6/bin;C:\Windows\system32;C:\Windows;C:\Windows\System32\Wbem;C:\Windows\System32\WindowsPowerShell\v1.0\;C:\Program Files (x86)\TC UP\PLUGINS\Library;c:\Program Files (x86)\Microsoft SQL Server\90\Tools\binn\;D:\Program files\Delphi Prism\bin;D:\Program files\MatLab\runtime\win64;D:\Program files\MatLab\bin
USERNAME=RX Inc
OS=Windows_NT
PROCESSOR_IDENTIFIER=AMD64 Family 15 Model 104 Stepping 2, AuthenticAMD



---------------  S Y S T E M  ---------------

OS: Windows 7 Build 7600 

CPU:total 2 (2 cores per cpu, 1 threads per core) family 15 model 104 stepping 2, cmov, cx8, fxsr, mmx, sse, sse2, sse3, mmxext, 3dnow, 3dnowext

Memory: 4k page, physical 4193204k(1876200k free), swap 5044804k(2130436k free)

vm_info: Java HotSpot(TM) Client VM (17.1-b03) for windows-x86 JRE (1.6.0_22-b04), built on Sep 15 2010 00:56:36 by "java_re" with MS VC++ 7.1 (VS2003)

time: Thu May 26 16:36:19 2011
elapsed time: 18370 seconds

