#
# A fatal error has been detected by the Java Runtime Environment:
#
#  EXCEPTION_ACCESS_VIOLATION (0xc0000005) at pc=0x6d0b6b30, pid=4744, tid=4972
#
# JRE version: 6.0_22-b04
# Java VM: Java HotSpot(TM) Client VM (17.1-b03 mixed mode, sharing windows-x86 )
# Problematic frame:
# C  [awt.dll+0xb6b30]
#
# If you would like to submit a bug report, please visit:
#   http://java.sun.com/webapps/bugreport/crash.jsp
# The crash happened outside the Java Virtual Machine in native code.
# See problematic frame for where to report the bug.
#

---------------  T H R E A D  ---------------

Current thread (0x047c1000):  JavaThread "AWT-Windows" daemon [_thread_in_native, id=4972, stack(0x04c30000,0x04c80000)]

siginfo: ExceptionCode=0xc0000005, reading address 0x00000000

Registers:
EAX=0x04c7fa78, EBX=0x047d4c48, ECX=0x00000208, EDX=0x000000c0
ESP=0x04c7fa60, EBP=0x75861450, ESI=0x00000000, EDI=0x000000c0
EIP=0x6d0b6b30, EFLAGS=0x00010216

Top of Stack: (sp=0x04c7fa60)
0x04c7fa60:   04c7fa78 00001000 00000000 047d4a28
0x04c7fa70:   00000001 04c7fa68 04c7fa6c 6d0ae4fd
0x04c7fa80:   00000000 00000000 047d4a28 6d0ae5ca
0x04c7fa90:   00000000 047d4a28 00000001 6d0ae6ce
0x04c7faa0:   047d4a28 6d063812 01ff72f8 00000000
0x04c7fab0:   6d0b0630 00000001 6d102f58 6d102940
0x04c7fac0:   01ff72f8 6d0b1a32 6d102f50 6d0b1c19
0x04c7fad0:   6d09a4b3 00000000 0000136c 00000000 

Instructions: (pc=0x6d0b6b30)
0x6d0b6b20:   05 00 20 00 00 50 c1 e2 05 8d 44 24 14 50 8b fa
0x6d0b6b30:   8b 16 57 c1 e1 05 51 56 ff 52 2c 85 c0 0f 8c 93 


Stack: [0x04c30000,0x04c80000],  sp=0x04c7fa60,  free space=13e04c7f544k
Native frames: (J=compiled Java code, j=interpreted, Vv=VM code, C=native code)
C  [awt.dll+0xb6b30]

Java frames: (J=compiled Java code, j=interpreted, Vv=VM code)
j  sun.awt.windows.WToolkit.eventLoop()V+0
j  sun.awt.windows.WToolkit.run()V+52
j  java.lang.Thread.run()V+11
v  ~StubRoutines::call_stub

---------------  P R O C E S S  ---------------

Java Threads: ( => current thread )
  0x083e7c00 JavaThread "Thread-1" daemon [_thread_in_native, id=6360, stack(0x076c0000,0x07710000)]
  0x083e5c00 JavaThread "Thread-10" [_thread_blocked, id=5460, stack(0x08b80000,0x08bd0000)]
  0x04812000 JavaThread "TimerQueue" daemon [_thread_blocked, id=5768, stack(0x07610000,0x07660000)]
  0x01eb9800 JavaThread "DestroyJavaVM" [_thread_blocked, id=5324, stack(0x00350000,0x003a0000)]
  0x047c1800 JavaThread "AWT-EventQueue-0" [_thread_blocked, id=4024, stack(0x04d80000,0x04dd0000)]
=>0x047c1000 JavaThread "AWT-Windows" daemon [_thread_in_native, id=4972, stack(0x04c30000,0x04c80000)]
  0x047c0800 JavaThread "AWT-Shutdown" [_thread_blocked, id=6116, stack(0x04ba0000,0x04bf0000)]
  0x047be400 JavaThread "Java2D Disposer" daemon [_thread_blocked, id=2504, stack(0x04b10000,0x04b60000)]
  0x02050400 JavaThread "Low Memory Detector" daemon [_thread_blocked, id=1272, stack(0x045a0000,0x045f0000)]
  0x02038400 JavaThread "CompilerThread0" daemon [_thread_blocked, id=5544, stack(0x04510000,0x04560000)]
  0x02036800 JavaThread "Attach Listener" daemon [_thread_blocked, id=5836, stack(0x04480000,0x044d0000)]
  0x02033800 JavaThread "Signal Dispatcher" daemon [_thread_blocked, id=6060, stack(0x043f0000,0x04440000)]
  0x01ff5c00 JavaThread "Finalizer" daemon [_thread_blocked, id=5236, stack(0x04360000,0x043b0000)]
  0x01ff1000 JavaThread "Reference Handler" daemon [_thread_blocked, id=1732, stack(0x042d0000,0x04320000)]

Other Threads:
  0x01fefc00 VMThread [stack: 0x04240000,0x04290000] [id=5220]
  0x0205b000 WatcherThread [stack: 0x04630000,0x04680000] [id=4344]

VM state:not at safepoint (normal execution)

VM Mutex/Monitor currently owned by a thread: None

Heap
 def new generation   total 4928K, used 2597K [0x24180000, 0x246d0000, 0x296d0000)
  eden space 4416K,  47% used [0x24180000, 0x243897f0, 0x245d0000)
  from space 512K, 100% used [0x245d0000, 0x24650000, 0x24650000)
  to   space 512K,   0% used [0x24650000, 0x24650000, 0x246d0000)
 tenured generation   total 10944K, used 8945K [0x296d0000, 0x2a180000, 0x34180000)
   the space 10944K,  81% used [0x296d0000, 0x29f8c5a0, 0x29f8c600, 0x2a180000)
 compacting perm gen  total 12288K, used 2435K [0x34180000, 0x34d80000, 0x38180000)
   the space 12288K,  19% used [0x34180000, 0x343e0db0, 0x343e0e00, 0x34d80000)
    ro space 10240K,  51% used [0x38180000, 0x386abaf8, 0x386abc00, 0x38b80000)
    rw space 12288K,  54% used [0x38b80000, 0x392176d8, 0x39217800, 0x39780000)

Dynamic libraries:
0x00400000 - 0x00424000 	C:\Program Files (x86)\Java\jre6\bin\javaw.exe
0x77420000 - 0x775a0000 	C:\Windows\SysWOW64\ntdll.dll
0x75850000 - 0x75950000 	C:\Windows\syswow64\kernel32.dll
0x76e70000 - 0x76eb6000 	C:\Windows\syswow64\KERNELBASE.dll
0x75620000 - 0x756c0000 	C:\Windows\syswow64\ADVAPI32.dll
0x75cf0000 - 0x75d9c000 	C:\Windows\syswow64\msvcrt.dll
0x75a70000 - 0x75a89000 	C:\Windows\SysWOW64\sechost.dll
0x751f0000 - 0x752e0000 	C:\Windows\syswow64\RPCRT4.dll
0x74f90000 - 0x74ff0000 	C:\Windows\syswow64\SspiCli.dll
0x74f80000 - 0x74f8c000 	C:\Windows\syswow64\CRYPTBASE.dll
0x75ba0000 - 0x75ca0000 	C:\Windows\syswow64\USER32.dll
0x74ff0000 - 0x75080000 	C:\Windows\syswow64\GDI32.dll
0x75b90000 - 0x75b9a000 	C:\Windows\syswow64\LPK.dll
0x75a90000 - 0x75b2d000 	C:\Windows\syswow64\USP10.dll
0x75080000 - 0x750e0000 	C:\Windows\system32\IMM32.DLL
0x76b90000 - 0x76c5c000 	C:\Windows\syswow64\MSCTF.dll
0x7c340000 - 0x7c396000 	C:\Program Files (x86)\Java\jre6\bin\msvcr71.dll
0x6d7f0000 - 0x6da97000 	C:\Program Files (x86)\Java\jre6\bin\client\jvm.dll
0x73a00000 - 0x73a32000 	C:\Windows\system32\WINMM.dll
0x73780000 - 0x737cb000 	C:\Windows\system32\apphelp.dll
0x6d7a0000 - 0x6d7ac000 	C:\Program Files (x86)\Java\jre6\bin\verify.dll
0x6d320000 - 0x6d33f000 	C:\Program Files (x86)\Java\jre6\bin\java.dll
0x6d280000 - 0x6d288000 	C:\Program Files (x86)\Java\jre6\bin\hpi.dll
0x751e0000 - 0x751e5000 	C:\Windows\syswow64\PSAPI.DLL
0x6d7e0000 - 0x6d7ef000 	C:\Program Files (x86)\Java\jre6\bin\zip.dll
0x6d000000 - 0x6d14a000 	C:\Program Files (x86)\Java\jre6\bin\awt.dll
0x73370000 - 0x733c1000 	C:\Windows\system32\WINSPOOL.DRV
0x756f0000 - 0x7584c000 	C:\Windows\syswow64\ole32.dll
0x737d0000 - 0x7396e000 	C:\Windows\WinSxS\x86_microsoft.windows.common-controls_6595b64144ccf1df_6.0.7600.16385_none_421189da2b7fabfc\COMCTL32.dll
0x75b30000 - 0x75b87000 	C:\Windows\syswow64\SHLWAPI.dll
0x73b70000 - 0x73b83000 	C:\Windows\system32\DWMAPI.DLL
0x73500000 - 0x73580000 	C:\Windows\system32\uxtheme.dll
0x3aa00000 - 0x3ab06000 	C:\Program Files (x86)\ABBYY Lingvo x3\LvHook.dll
0x75e30000 - 0x76a79000 	C:\Windows\syswow64\SHELL32.dll
0x76a80000 - 0x76b0f000 	C:\Windows\syswow64\OLEAUT32.dll
0x6d230000 - 0x6d27f000 	C:\Program Files (x86)\Java\jre6\bin\fontmanager.dll
0x70dc0000 - 0x70f83000 	C:\Windows\system32\d3d9.dll
0x739f0000 - 0x739f9000 	C:\Windows\system32\VERSION.dll
0x733f0000 - 0x733f6000 	C:\Windows\system32\d3d8thk.dll
0x70430000 - 0x70b8c000 	C:\Windows\system32\nvd3dum.dll
0x73180000 - 0x731a5000 	C:\Windows\system32\powrprof.dll
0x752e0000 - 0x7547d000 	C:\Windows\syswow64\SETUPAPI.dll
0x76ec0000 - 0x76ee7000 	C:\Windows\syswow64\CFGMGR32.dll
0x75ca0000 - 0x75cb2000 	C:\Windows\syswow64\DEVOBJ.dll
0x6d600000 - 0x6d613000 	C:\Program Files (x86)\Java\jre6\bin\net.dll
0x76f50000 - 0x76f85000 	C:\Windows\syswow64\WS2_32.dll
0x76c60000 - 0x76c66000 	C:\Windows\syswow64\NSI.dll
0x74d50000 - 0x74d8c000 	C:\Windows\system32\mswsock.dll
0x746f0000 - 0x746f6000 	C:\Windows\System32\wship6.dll
0x6d620000 - 0x6d629000 	C:\Program Files (x86)\Java\jre6\bin\nio.dll
0x6d1a0000 - 0x6d1c3000 	C:\Program Files (x86)\Java\jre6\bin\dcpr.dll
0x76f90000 - 0x77013000 	C:\Windows\syswow64\CLBCatQ.DLL
0x71220000 - 0x71227000 	C:\Windows\system32\msiltcfg.dll
0x74840000 - 0x74a80000 	C:\Windows\system32\msi.dll
0x74e50000 - 0x74e53000 	C:\Windows\SysWOW64\SFC.DLL
0x74e40000 - 0x74e4d000 	C:\Windows\system32\sfc_os.DLL
0x746e0000 - 0x746e5000 	C:\Windows\System32\wshtcpip.dll
0x74d00000 - 0x74d44000 	C:\Windows\system32\DNSAPI.dll
0x73a50000 - 0x73a6c000 	C:\Windows\system32\IPHLPAPI.DLL
0x73a40000 - 0x73a47000 	C:\Windows\system32\WINNSI.DLL
0x74ca0000 - 0x74ca6000 	C:\Windows\system32\rasadhlp.dll
0x711a0000 - 0x711d8000 	C:\Windows\System32\fwpuclnt.dll
0x73620000 - 0x73715000 	C:\Windows\system32\propsys.dll
0x72a80000 - 0x72aa1000 	C:\Windows\system32\ntmarta.dll
0x76f00000 - 0x76f45000 	C:\Windows\syswow64\WLDAP32.dll
0x6bcb0000 - 0x6be48000 	C:\Windows\system32\NetworkExplorer.dll
0x71870000 - 0x7189e000 	C:\Windows\System32\shdocvw.dll
0x73770000 - 0x7377b000 	C:\Windows\system32\profapi.dll
0x73580000 - 0x7358a000 	C:\Windows\system32\slc.dll
0x71180000 - 0x71192000 	C:\Windows\system32\MPR.dll
0x10000000 - 0x10013000 	C:\Program Files (x86)\Common Files\Adobe\Adobe Drive CS4\AdobeDriveCS4_NP.dll
0x71120000 - 0x71128000 	C:\Windows\System32\drprov.dll
0x72950000 - 0x72979000 	C:\Windows\System32\WINSTA.dll
0x6c2d0000 - 0x6c2e4000 	C:\Windows\System32\ntlanman.dll
0x6e7f0000 - 0x6e806000 	C:\Windows\System32\davclnt.dll
0x711f0000 - 0x711f8000 	C:\Windows\System32\DAVHLPR.dll
0x72ab0000 - 0x72abf000 	C:\Windows\system32\wkscli.dll
0x73750000 - 0x7375b000 	C:\Windows\system32\cscapi.dll
0x73720000 - 0x73729000 	C:\Windows\system32\netutils.dll
0x6c240000 - 0x6c2c9000 	C:\Windows\system32\PortableDeviceApi.dll
0x756c0000 - 0x756ed000 	C:\Windows\syswow64\WINTRUST.dll
0x75950000 - 0x75a6c000 	C:\Windows\syswow64\CRYPT32.dll
0x76ef0000 - 0x76efc000 	C:\Windows\syswow64\MSASN1.dll
0x6c210000 - 0x6c23b000 	C:\Windows\system32\PortableDeviceTypes.dll
0x6c160000 - 0x6c182000 	C:\Windows\system32\EhStorAPI.dll
0x73760000 - 0x73769000 	C:\Windows\system32\LINKINFO.dll

VM Arguments:
jvm_args: -Djava.library.path=D:\Documents\M-Business Important\ICTV-Tool\COMPILING\MSS -Dfile.encoding=Cp1251 
java_command: base_gui.Launcher
Launcher Type: SUN_STANDARD

Environment Variables:
PATH=C:/Program Files (x86)/Java/jre6/bin/client;C:/Program Files (x86)/Java/jre6/bin;C:\Windows\system32;C:\Windows;C:\Windows\System32\Wbem;C:\Windows\System32\WindowsPowerShell\v1.0\;C:\Program Files (x86)\TC UP\PLUGINS\Library;c:\Program Files (x86)\Microsoft SQL Server\90\Tools\binn\;D:\Program files\Delphi Prism\bin;D:\Program files\MatLab\runtime\win64;D:\Program files\MatLab\bin;C:\Users\Public\Documents\RAD Studio\6.0\Bpl;C:\Program Files (x86)\clisp-2.49
USERNAME=RX
OS=Windows_NT
PROCESSOR_IDENTIFIER=AMD64 Family 15 Model 104 Stepping 2, AuthenticAMD



---------------  S Y S T E M  ---------------

OS: Windows 7 Build 7600 

CPU:total 2 (2 cores per cpu, 1 threads per core) family 15 model 104 stepping 2, cmov, cx8, fxsr, mmx, sse, sse2, sse3, mmxext, 3dnow, 3dnowext

Memory: 4k page, physical 4193204k(1748220k free), swap 5092376k(1637560k free)

vm_info: Java HotSpot(TM) Client VM (17.1-b03) for windows-x86 JRE (1.6.0_22-b04), built on Sep 15 2010 00:56:36 by "java_re" with MS VC++ 7.1 (VS2003)

time: Mon Apr 18 21:15:56 2011
elapsed time: 22227 seconds

