#
# A fatal error has been detected by the Java Runtime Environment:
#
#  EXCEPTION_ACCESS_VIOLATION (0xc0000005) at pc=0x76047a1f, pid=1084, tid=7132
#
# JRE version: 6.0_22-b04
# Java VM: Java HotSpot(TM) Client VM (17.1-b03 mixed mode, sharing windows-x86 )
# Problematic frame:
# C  [ole32.dll+0x37a1f]
#
# If you would like to submit a bug report, please visit:
#   http://java.sun.com/webapps/bugreport/crash.jsp
# The crash happened outside the Java Virtual Machine in native code.
# See problematic frame for where to report the bug.
#

---------------  T H R E A D  ---------------

Current thread (0x0826c000):  JavaThread "Thread-11" [_thread_in_native, id=7132, stack(0x08980000,0x089d0000)]

siginfo: ExceptionCode=0xc0000005, writing address 0x00000028

Registers:
EAX=0x089cf5bc, EBX=0x76157758, ECX=0x00000000, EDX=0x00000000
ESP=0x089cf58c, EBP=0x089cf594, ESI=0x089cf5bc, EDI=0x00000028
EIP=0x76047a1f, EFLAGS=0x00010246

Top of Stack: (sp=0x089cf58c)
0x089cf58c:   0060c0a0 0060a758 089cf5d0 760476eb
0x089cf59c:   089cf5bc 047ad9ec 0060c0a0 00000000
0x089cf5ac:   00000000 00625080 0060a758 00000000
0x089cf5bc:   00001c00 0000043c 6fadf6bf b3e6c4b0
0x089cf5cc:   020f3af3 089cf5ec 7604754a 00513d88
0x089cf5dc:   00000000 7614d83e 0828dc08 0060c0a0
0x089cf5ec:   089cf638 7609e0a1 020f391b 0828dc08
0x089cf5fc:   0828dc08 047ad9ec 089cf61c 76ae06e1 

Instructions: (pc=0x76047a1f)
0x76047a0f:   90 90 90 8b ff 55 8b ec 56 8b 75 08 57 8d 79 28
0x76047a1f:   a5 a5 a5 a5 5f 5e 5d c2 04 00 ff 75 0c ff 75 08 


Stack: [0x08980000,0x089d0000],  sp=0x089cf58c,  free space=13d089cf070k
Native frames: (J=compiled Java code, j=interpreted, Vv=VM code, C=native code)
C  [ole32.dll+0x37a1f]
C  [ole32.dll+0x376eb]
C  [ole32.dll+0x3754a]
C  [ole32.dll+0x8e0a1]

Java frames: (J=compiled Java code, j=interpreted, Vv=VM code)
j  sun.awt.windows.WComponentPeer.addNativeDropTarget()J+0
j  sun.awt.windows.WComponentPeer.addDropTarget(Ljava/awt/dnd/DropTarget;)V+9
j  java.awt.dnd.DropTarget.addNotify(Ljava/awt/peer/ComponentPeer;)V+60
j  java.awt.Component.addNotify()V+297
j  java.awt.Container.addNotify()V+8
j  javax.swing.JComponent.addNotify()V+1
j  java.awt.Container.addNotify()V+61
j  javax.swing.JComponent.addNotify()V+1
j  java.awt.Container.addNotify()V+61
j  javax.swing.JComponent.addNotify()V+1
j  java.awt.Container.addNotify()V+61
j  javax.swing.JComponent.addNotify()V+1
j  javax.swing.JRootPane.addNotify()V+5
j  java.awt.Container.addNotify()V+61
j  java.awt.Window.addNotify()V+73
j  java.awt.Dialog.addNotify()V+51
j  java.awt.Window.pack()V+28
j  javax.swing.JFileChooser.createDialog(Ljava/awt/Component;)Ljavax/swing/JDialog;+126
j  javax.swing.JFileChooser.showDialog(Ljava/awt/Component;Ljava/lang/String;)I+17
j  javax.swing.JFileChooser.showOpenDialog(Ljava/awt/Component;)I+8
j  base_data_exchanger.Internal_IO.loadUsersCSV()V+97
j  base_SP_Management.SocioInstrumentDesk$1.run()V+7
j  java.lang.Thread.run()V+11
v  ~StubRoutines::call_stub

---------------  P R O C E S S  ---------------

Java Threads: ( => current thread )
  0x0826d000 JavaThread "Basic L&F File Loading Thread" [_thread_in_native, id=5656, stack(0x0a670000,0x0a6c0000)]
  0x0826cc00 JavaThread "Thread-12" [_thread_blocked, id=7824, stack(0x0a700000,0x0a750000)]
  0x0826c400 JavaThread "Image Fetcher 1" daemon [_thread_blocked, id=5868, stack(0x0a620000,0x0a670000)]
=>0x0826c000 JavaThread "Thread-11" [_thread_in_native, id=7132, stack(0x08980000,0x089d0000)]
  0x08333000 JavaThread "Swing-Shell" daemon [_thread_blocked, id=208, stack(0x08d60000,0x08db0000)]
  0x0823e400 JavaThread "Keep-Alive-Timer" daemon [_thread_blocked, id=4904, stack(0x08bf0000,0x08c40000)]
  0x04886800 JavaThread "D3D Screen Updater" daemon [_thread_blocked, id=4732, stack(0x08630000,0x08680000)]
  0x047e7000 JavaThread "Image Fetcher 0" daemon [_thread_blocked, id=5264, stack(0x07750000,0x077a0000)]
  0x047d7c00 JavaThread "TimerQueue" daemon [_thread_blocked, id=7372, stack(0x07680000,0x076d0000)]
  0x00189c00 JavaThread "DestroyJavaVM" [_thread_blocked, id=7908, stack(0x003b0000,0x00400000)]
  0x04783800 JavaThread "AWT-EventQueue-0" [_thread_blocked, id=4688, stack(0x04d40000,0x04d90000)]
  0x04783000 JavaThread "AWT-Windows" daemon [_thread_in_native, id=7460, stack(0x04c50000,0x04ca0000)]
  0x04782800 JavaThread "AWT-Shutdown" [_thread_blocked, id=5996, stack(0x04bc0000,0x04c10000)]
  0x04780400 JavaThread "Java2D Disposer" daemon [_thread_blocked, id=7608, stack(0x04ad0000,0x04b20000)]
  0x004b7000 JavaThread "Low Memory Detector" daemon [_thread_blocked, id=8180, stack(0x045b0000,0x04600000)]
  0x004aa400 JavaThread "CompilerThread0" daemon [_thread_blocked, id=5760, stack(0x04520000,0x04570000)]
  0x004a8c00 JavaThread "Attach Listener" daemon [_thread_blocked, id=6716, stack(0x04490000,0x044e0000)]
  0x004a5c00 JavaThread "Signal Dispatcher" daemon [_thread_blocked, id=4136, stack(0x04400000,0x04450000)]
  0x00465c00 JavaThread "Finalizer" daemon [_thread_blocked, id=6412, stack(0x04370000,0x043c0000)]
  0x00461000 JavaThread "Reference Handler" daemon [_thread_blocked, id=7188, stack(0x042e0000,0x04330000)]

Other Threads:
  0x0045fc00 VMThread [stack: 0x04250000,0x042a0000] [id=6792]
  0x004b8c00 WatcherThread [stack: 0x04640000,0x04690000] [id=1036]

VM state:not at safepoint (normal execution)

VM Mutex/Monitor currently owned by a thread: None

Heap
 def new generation   total 4928K, used 2928K [0x24180000, 0x246d0000, 0x296d0000)
  eden space 4416K,  60% used [0x24180000, 0x2441b790, 0x245d0000)
  from space 512K,  50% used [0x245d0000, 0x24610aa0, 0x24650000)
  to   space 512K,   0% used [0x24650000, 0x24650000, 0x246d0000)
 tenured generation   total 10944K, used 2968K [0x296d0000, 0x2a180000, 0x34180000)
   the space 10944K,  27% used [0x296d0000, 0x299b6318, 0x299b6400, 0x2a180000)
 compacting perm gen  total 12288K, used 4028K [0x34180000, 0x34d80000, 0x38180000)
   the space 12288K,  32% used [0x34180000, 0x3456f028, 0x3456f200, 0x34d80000)
    ro space 10240K,  51% used [0x38180000, 0x386abaf8, 0x386abc00, 0x38b80000)
    rw space 12288K,  54% used [0x38b80000, 0x392176d8, 0x39217800, 0x39780000)

Dynamic libraries:
0x00400000 - 0x00424000 	C:\Program Files (x86)\Java\jre6\bin\javaw.exe
0x77240000 - 0x773c0000 	C:\Windows\SysWOW64\ntdll.dll
0x76c40000 - 0x76d40000 	C:\Windows\syswow64\kernel32.dll
0x76ad0000 - 0x76b16000 	C:\Windows\syswow64\KERNELBASE.dll
0x750c0000 - 0x75160000 	C:\Windows\syswow64\ADVAPI32.dll
0x75010000 - 0x750bc000 	C:\Windows\syswow64\msvcrt.dll
0x76200000 - 0x76219000 	C:\Windows\SysWOW64\sechost.dll
0x763a0000 - 0x76490000 	C:\Windows\syswow64\RPCRT4.dll
0x74db0000 - 0x74e10000 	C:\Windows\syswow64\SspiCli.dll
0x74da0000 - 0x74dac000 	C:\Windows\syswow64\CRYPTBASE.dll
0x76b20000 - 0x76c20000 	C:\Windows\syswow64\USER32.dll
0x76490000 - 0x76520000 	C:\Windows\syswow64\GDI32.dll
0x77210000 - 0x7721a000 	C:\Windows\syswow64\LPK.dll
0x75160000 - 0x751fd000 	C:\Windows\syswow64\USP10.dll
0x76280000 - 0x762e0000 	C:\Windows\system32\IMM32.DLL
0x74f40000 - 0x7500c000 	C:\Windows\syswow64\MSCTF.dll
0x7c340000 - 0x7c396000 	C:\Program Files (x86)\Java\jre6\bin\msvcr71.dll
0x6d7f0000 - 0x6da97000 	C:\Program Files (x86)\Java\jre6\bin\client\jvm.dll
0x73820000 - 0x73852000 	C:\Windows\system32\WINMM.dll
0x73490000 - 0x734db000 	C:\Windows\system32\apphelp.dll
0x6d7a0000 - 0x6d7ac000 	C:\Program Files (x86)\Java\jre6\bin\verify.dll
0x6d320000 - 0x6d33f000 	C:\Program Files (x86)\Java\jre6\bin\java.dll
0x6d280000 - 0x6d288000 	C:\Program Files (x86)\Java\jre6\bin\hpi.dll
0x74ec0000 - 0x74ec5000 	C:\Windows\syswow64\PSAPI.DLL
0x6d7e0000 - 0x6d7ef000 	C:\Program Files (x86)\Java\jre6\bin\zip.dll
0x6d000000 - 0x6d14a000 	C:\Program Files (x86)\Java\jre6\bin\awt.dll
0x6ed70000 - 0x6edc1000 	C:\Windows\system32\WINSPOOL.DRV
0x76010000 - 0x7616c000 	C:\Windows\syswow64\ole32.dll
0x735f0000 - 0x7378e000 	C:\Windows\WinSxS\x86_microsoft.windows.common-controls_6595b64144ccf1df_6.0.7600.16385_none_421189da2b7fabfc\COMCTL32.dll
0x74ed0000 - 0x74f27000 	C:\Windows\syswow64\SHLWAPI.dll
0x71e90000 - 0x71ea3000 	C:\Windows\system32\DWMAPI.DLL
0x70840000 - 0x708c0000 	C:\Windows\system32\uxtheme.dll
0x3aa00000 - 0x3ab06000 	C:\Program Files (x86)\ABBYY Lingvo x3\LvHook.dll
0x753c0000 - 0x76009000 	C:\Windows\syswow64\SHELL32.dll
0x76170000 - 0x761ff000 	C:\Windows\syswow64\OLEAUT32.dll
0x6d230000 - 0x6d27f000 	C:\Program Files (x86)\Java\jre6\bin\fontmanager.dll
0x6eba0000 - 0x6ed63000 	C:\Windows\system32\d3d9.dll
0x73810000 - 0x73819000 	C:\Windows\system32\VERSION.dll
0x71e00000 - 0x71e06000 	C:\Windows\system32\d3d8thk.dll
0x6b320000 - 0x6ba7c000 	C:\Windows\system32\nvd3dum.dll
0x6fa60000 - 0x6fa85000 	C:\Windows\system32\powrprof.dll
0x765b0000 - 0x7674d000 	C:\Windows\syswow64\SETUPAPI.dll
0x76340000 - 0x76367000 	C:\Windows\syswow64\CFGMGR32.dll
0x76c20000 - 0x76c32000 	C:\Windows\syswow64\DEVOBJ.dll
0x6d600000 - 0x6d613000 	C:\Program Files (x86)\Java\jre6\bin\net.dll
0x76750000 - 0x76785000 	C:\Windows\syswow64\WS2_32.dll
0x75200000 - 0x75206000 	C:\Windows\syswow64\NSI.dll
0x73210000 - 0x7324c000 	C:\Windows\system32\mswsock.dll
0x72f10000 - 0x72f16000 	C:\Windows\System32\wship6.dll
0x6d620000 - 0x6d629000 	C:\Program Files (x86)\Java\jre6\bin\nio.dll
0x6d1a0000 - 0x6d1c3000 	C:\Program Files (x86)\Java\jre6\bin\dcpr.dll
0x75210000 - 0x75293000 	C:\Windows\syswow64\CLBCatQ.DLL
0x74b10000 - 0x74b17000 	C:\Windows\system32\msiltcfg.dll
0x72b10000 - 0x72d50000 	C:\Windows\system32\msi.dll
0x73350000 - 0x73353000 	C:\Windows\SysWOW64\SFC.DLL
0x73300000 - 0x7330d000 	C:\Windows\system32\sfc_os.DLL
0x72de0000 - 0x72de5000 	C:\Windows\System32\wshtcpip.dll
0x731c0000 - 0x73204000 	C:\Windows\system32\DNSAPI.dll
0x73870000 - 0x7388c000 	C:\Windows\system32\IPHLPAPI.DLL
0x73860000 - 0x73867000 	C:\Windows\system32\WINNSI.DLL
0x73140000 - 0x73146000 	C:\Windows\system32\rasadhlp.dll
0x74b20000 - 0x74b58000 	C:\Windows\System32\fwpuclnt.dll
0x734f0000 - 0x735e5000 	C:\Windows\system32\propsys.dll
0x72fd0000 - 0x72ff1000 	C:\Windows\system32\ntmarta.dll
0x76230000 - 0x76275000 	C:\Windows\syswow64\WLDAP32.dll
0x6efc0000 - 0x6f158000 	C:\Windows\system32\NetworkExplorer.dll
0x73cd0000 - 0x73cfe000 	C:\Windows\System32\shdocvw.dll
0x729c0000 - 0x729cb000 	C:\Windows\system32\profapi.dll
0x72e90000 - 0x72e9a000 	C:\Windows\system32\slc.dll
0x6f9f0000 - 0x6fa02000 	C:\Windows\system32\MPR.dll
0x10000000 - 0x10013000 	C:\Program Files (x86)\Common Files\Adobe\Adobe Drive CS4\AdobeDriveCS4_NP.dll
0x73950000 - 0x73958000 	C:\Windows\System32\drprov.dll
0x73460000 - 0x73489000 	C:\Windows\System32\WINSTA.dll
0x6f390000 - 0x6f3a4000 	C:\Windows\System32\ntlanman.dll
0x6f370000 - 0x6f386000 	C:\Windows\System32\davclnt.dll
0x71eb0000 - 0x71eb8000 	C:\Windows\System32\DAVHLPR.dll
0x73310000 - 0x7331f000 	C:\Windows\system32\wkscli.dll
0x72f40000 - 0x72f4b000 	C:\Windows\system32\cscapi.dll
0x73320000 - 0x73329000 	C:\Windows\system32\netutils.dll
0x09260000 - 0x09498000 	C:\Windows\system32\wpdshext.dll
0x74870000 - 0x74a00000 	C:\Windows\WinSxS\x86_microsoft.windows.gdiplus_6595b64144ccf1df_1.1.7600.16385_none_72fc7cbf861225ca\gdiplus.dll
0x6e7d0000 - 0x6e859000 	C:\Windows\system32\PortableDeviceApi.dll
0x76370000 - 0x7639d000 	C:\Windows\syswow64\WINTRUST.dll
0x752a0000 - 0x753bc000 	C:\Windows\syswow64\CRYPT32.dll
0x76220000 - 0x7622c000 	C:\Windows\syswow64\MSASN1.dll
0x6fcb0000 - 0x6fcdb000 	C:\Windows\system32\PortableDeviceTypes.dll
0x6e790000 - 0x6e7cf000 	C:\Windows\system32\audiodev.dll
0x6e860000 - 0x6eac7000 	C:\Windows\system32\WMVCore.DLL
0x6f230000 - 0x6f26d000 	C:\Windows\system32\WMASF.DLL
0x6d6d0000 - 0x6d701000 	C:\Windows\system32\EhStorShell.dll
0x6f1b0000 - 0x6f1d2000 	C:\Windows\system32\EhStorAPI.dll
0x734e0000 - 0x734e9000 	C:\Windows\system32\LINKINFO.dll
0x737f0000 - 0x73806000 	C:\Windows\system32\CRYPTSP.dll
0x737b0000 - 0x737eb000 	C:\Windows\system32\rsaenh.dll
0x73130000 - 0x7313e000 	C:\Windows\system32\RpcRtRemote.dll

VM Arguments:
jvm_args: -Djava.library.path=D:\Documents\M-Business Important\ICTV-Tool\COMPILING\MSS -Dfile.encoding=Cp1251 
java_command: base_gui.Launcher
Launcher Type: SUN_STANDARD

Environment Variables:
PATH=C:/Program Files (x86)/Java/jre6/bin/client;C:/Program Files (x86)/Java/jre6/bin;C:\Windows\system32;C:\Windows;C:\Windows\System32\Wbem;C:\Windows\System32\WindowsPowerShell\v1.0\;C:\Program Files (x86)\TC UP\PLUGINS\Library;c:\Program Files (x86)\Microsoft SQL Server\90\Tools\binn\;D:\Program files\Delphi Prism\bin;C:\Users\Public\Documents\RAD Studio\6.0\Bpl;C:\Program Files (x86)\clisp-2.49
USERNAME=RX
OS=Windows_NT
PROCESSOR_IDENTIFIER=AMD64 Family 15 Model 104 Stepping 2, AuthenticAMD



---------------  S Y S T E M  ---------------

OS: Windows 7 Build 7600 

CPU:total 2 (2 cores per cpu, 1 threads per core) family 15 model 104 stepping 2, cmov, cx8, fxsr, mmx, sse, sse2, sse3, mmxext, 3dnow, 3dnowext

Memory: 4k page, physical 4193204k(2164764k free), swap 8384512k(5284856k free)

vm_info: Java HotSpot(TM) Client VM (17.1-b03) for windows-x86 JRE (1.6.0_22-b04), built on Sep 15 2010 00:56:36 by "java_re" with MS VC++ 7.1 (VS2003)

time: Sun Dec 26 09:03:30 2010
elapsed time: 10 seconds

