#
# A fatal error has been detected by the Java Runtime Environment:
#
#  EXCEPTION_ACCESS_VIOLATION (0xc0000005) at pc=0x6d0b6b30, pid=4124, tid=7056
#
# JRE version: 6.0_22-b04
# Java VM: Java HotSpot(TM) Client VM (17.1-b03 mixed mode, sharing windows-x86 )
# Problematic frame:
# C  [awt.dll+0xb6b30]
#
# If you would like to submit a bug report, please visit:
#   http://java.sun.com/webapps/bugreport/crash.jsp
# The crash happened outside the Java Virtual Machine in native code.
# See problematic frame for where to report the bug.
#

---------------  T H R E A D  ---------------

Current thread (0x04788000):  JavaThread "AWT-Windows" daemon [_thread_in_native, id=7056, stack(0x04c20000,0x04c70000)]

siginfo: ExceptionCode=0xc0000005, reading address 0x00000000

Registers:
EAX=0x04c6f878, EBX=0x047bcf10, ECX=0x000000e4, EDX=0x000000c0
ESP=0x04c6f860, EBP=0x76a71450, ESI=0x00000000, EDI=0x000000c0
EIP=0x6d0b6b30, EFLAGS=0x00010216

Top of Stack: (sp=0x04c6f860)
0x04c6f860:   04c6f878 00001000 00000000 047bccf0
0x04c6f870:   00000001 04c6f868 04c6f86c 6d0ae4fd
0x04c6f880:   00000000 00000000 047bccf0 6d0ae5ca
0x04c6f890:   00000000 047bccf0 00000001 6d0ae6ce
0x04c6f8a0:   047bccf0 6d063812 01fb7148 00000000
0x04c6f8b0:   6d0b0630 00000001 6d102f58 6d102940
0x04c6f8c0:   01fb7148 6d0b1a32 6d102f50 6d0b1c19
0x04c6f8d0:   6d09a4b3 00000000 00001b90 00000000 

Instructions: (pc=0x6d0b6b30)
0x6d0b6b20:   05 00 20 00 00 50 c1 e2 05 8d 44 24 14 50 8b fa
0x6d0b6b30:   8b 16 57 c1 e1 05 51 56 ff 52 2c 85 c0 0f 8c 93 


Stack: [0x04c20000,0x04c70000],  sp=0x04c6f860,  free space=13e04c6f344k
Native frames: (J=compiled Java code, j=interpreted, Vv=VM code, C=native code)
C  [awt.dll+0xb6b30]

Java frames: (J=compiled Java code, j=interpreted, Vv=VM code)
j  sun.awt.windows.WToolkit.eventLoop()V+0
j  sun.awt.windows.WToolkit.run()V+52
j  java.lang.Thread.run()V+11
v  ~StubRoutines::call_stub

---------------  P R O C E S S  ---------------

Java Threads: ( => current thread )
  0x08faf800 JavaThread "Thread-1" daemon [_thread_in_native, id=5752, stack(0x08730000,0x08780000)]
  0x08faec00 JavaThread "Thread-10" [_thread_blocked, id=6552, stack(0x09610000,0x09660000)]
  0x04834400 JavaThread "TimerQueue" daemon [_thread_blocked, id=4256, stack(0x07630000,0x07680000)]
  0x01f79800 JavaThread "DestroyJavaVM" [_thread_blocked, id=6152, stack(0x00430000,0x00480000)]
  0x04788800 JavaThread "AWT-EventQueue-0" [_thread_blocked, id=6056, stack(0x04d50000,0x04da0000)]
=>0x04788000 JavaThread "AWT-Windows" daemon [_thread_in_native, id=7056, stack(0x04c20000,0x04c70000)]
  0x04787800 JavaThread "AWT-Shutdown" [_thread_blocked, id=600, stack(0x04b90000,0x04be0000)]
  0x04785400 JavaThread "Java2D Disposer" daemon [_thread_blocked, id=5200, stack(0x04ab0000,0x04b00000)]
  0x02003800 JavaThread "Low Memory Detector" daemon [_thread_blocked, id=6368, stack(0x045b0000,0x04600000)]
  0x01ff8000 JavaThread "CompilerThread0" daemon [_thread_blocked, id=7012, stack(0x04520000,0x04570000)]
  0x01ff6800 JavaThread "Attach Listener" daemon [_thread_blocked, id=6588, stack(0x04490000,0x044e0000)]
  0x01ff3800 JavaThread "Signal Dispatcher" daemon [_thread_blocked, id=5692, stack(0x04400000,0x04450000)]
  0x01fb5c00 JavaThread "Finalizer" daemon [_thread_blocked, id=932, stack(0x04370000,0x043c0000)]
  0x01fb1000 JavaThread "Reference Handler" daemon [_thread_blocked, id=6352, stack(0x042e0000,0x04330000)]

Other Threads:
  0x01fafc00 VMThread [stack: 0x04250000,0x042a0000] [id=7076]
  0x02005400 WatcherThread [stack: 0x04640000,0x04690000] [id=6932]

VM state:not at safepoint (normal execution)

VM Mutex/Monitor currently owned by a thread: None

Heap
 def new generation   total 9728K, used 5519K [0x24180000, 0x24c00000, 0x296d0000)
  eden space 8704K,  56% used [0x24180000, 0x24657990, 0x24a00000)
  from space 1024K,  54% used [0x24b00000, 0x24b8c418, 0x24c00000)
  to   space 1024K,   0% used [0x24a00000, 0x24a00000, 0x24b00000)
 tenured generation   total 21460K, used 13957K [0x296d0000, 0x2abc5000, 0x34180000)
   the space 21460K,  65% used [0x296d0000, 0x2a471558, 0x2a471600, 0x2abc5000)
 compacting perm gen  total 12288K, used 2911K [0x34180000, 0x34d80000, 0x38180000)
   the space 12288K,  23% used [0x34180000, 0x34457de0, 0x34457e00, 0x34d80000)
    ro space 10240K,  51% used [0x38180000, 0x386abaf8, 0x386abc00, 0x38b80000)
    rw space 12288K,  54% used [0x38b80000, 0x392176d8, 0x39217800, 0x39780000)

Dynamic libraries:
0x00400000 - 0x00424000 	C:\Program Files (x86)\Java\jre6\bin\javaw.exe
0x771d0000 - 0x77350000 	C:\Windows\SysWOW64\ntdll.dll
0x76a60000 - 0x76b60000 	C:\Windows\syswow64\kernel32.dll
0x769e0000 - 0x76a26000 	C:\Windows\syswow64\KERNELBASE.dll
0x76940000 - 0x769e0000 	C:\Windows\syswow64\ADVAPI32.dll
0x761b0000 - 0x7625c000 	C:\Windows\syswow64\msvcrt.dll
0x76140000 - 0x76159000 	C:\Windows\SysWOW64\sechost.dll
0x75dd0000 - 0x75ec0000 	C:\Windows\syswow64\RPCRT4.dll
0x74d40000 - 0x74da0000 	C:\Windows\syswow64\SspiCli.dll
0x74d30000 - 0x74d3c000 	C:\Windows\syswow64\CRYPTBASE.dll
0x76840000 - 0x76940000 	C:\Windows\syswow64\USER32.dll
0x75ec0000 - 0x75f50000 	C:\Windows\syswow64\GDI32.dll
0x76130000 - 0x7613a000 	C:\Windows\syswow64\LPK.dll
0x766a0000 - 0x7673d000 	C:\Windows\syswow64\USP10.dll
0x74e00000 - 0x74e60000 	C:\Windows\system32\IMM32.DLL
0x76d00000 - 0x76dcc000 	C:\Windows\syswow64\MSCTF.dll
0x7c340000 - 0x7c396000 	C:\Program Files (x86)\Java\jre6\bin\msvcr71.dll
0x6d7f0000 - 0x6da97000 	C:\Program Files (x86)\Java\jre6\bin\client\jvm.dll
0x737b0000 - 0x737e2000 	C:\Windows\system32\WINMM.dll
0x73420000 - 0x7346b000 	C:\Windows\system32\apphelp.dll
0x6d7a0000 - 0x6d7ac000 	C:\Program Files (x86)\Java\jre6\bin\verify.dll
0x6d320000 - 0x6d33f000 	C:\Program Files (x86)\Java\jre6\bin\java.dll
0x6d280000 - 0x6d288000 	C:\Program Files (x86)\Java\jre6\bin\hpi.dll
0x75d60000 - 0x75d65000 	C:\Windows\syswow64\PSAPI.DLL
0x6d7e0000 - 0x6d7ef000 	C:\Program Files (x86)\Java\jre6\bin\zip.dll
0x6d000000 - 0x6d14a000 	C:\Program Files (x86)\Java\jre6\bin\awt.dll
0x74b80000 - 0x74bd1000 	C:\Windows\system32\WINSPOOL.DRV
0x76ba0000 - 0x76cfc000 	C:\Windows\syswow64\ole32.dll
0x73580000 - 0x7371e000 	C:\Windows\WinSxS\x86_microsoft.windows.common-controls_6595b64144ccf1df_6.0.7600.16385_none_421189da2b7fabfc\COMCTL32.dll
0x74da0000 - 0x74df7000 	C:\Windows\syswow64\SHLWAPI.dll
0x720f0000 - 0x72103000 	C:\Windows\system32\DWMAPI.DLL
0x718d0000 - 0x71950000 	C:\Windows\system32\uxtheme.dll
0x3aa00000 - 0x3ab06000 	C:\Program Files (x86)\ABBYY Lingvo x3\LvHook.dll
0x75110000 - 0x75d59000 	C:\Windows\syswow64\SHELL32.dll
0x76070000 - 0x760ff000 	C:\Windows\syswow64\OLEAUT32.dll
0x6d230000 - 0x6d27f000 	C:\Program Files (x86)\Java\jre6\bin\fontmanager.dll
0x6fba0000 - 0x6fd63000 	C:\Windows\system32\d3d9.dll
0x737a0000 - 0x737a9000 	C:\Windows\system32\VERSION.dll
0x6fe40000 - 0x6fe46000 	C:\Windows\system32\d3d8thk.dll
0x6e270000 - 0x6e9cc000 	C:\Windows\system32\nvd3dum.dll
0x6fb70000 - 0x6fb95000 	C:\Windows\system32\powrprof.dll
0x76260000 - 0x763fd000 	C:\Windows\syswow64\SETUPAPI.dll
0x74f20000 - 0x74f47000 	C:\Windows\syswow64\CFGMGR32.dll
0x76100000 - 0x76112000 	C:\Windows\syswow64\DEVOBJ.dll
0x6d600000 - 0x6d613000 	C:\Program Files (x86)\Java\jre6\bin\net.dll
0x76b60000 - 0x76b95000 	C:\Windows\syswow64\WS2_32.dll
0x771a0000 - 0x771a6000 	C:\Windows\syswow64\NSI.dll
0x73230000 - 0x7326c000 	C:\Windows\system32\mswsock.dll
0x72ea0000 - 0x72ea6000 	C:\Windows\System32\wship6.dll
0x6d620000 - 0x6d629000 	C:\Program Files (x86)\Java\jre6\bin\nio.dll
0x6d1a0000 - 0x6d1c3000 	C:\Program Files (x86)\Java\jre6\bin\dcpr.dll
0x72d70000 - 0x72d75000 	C:\Windows\System32\wshtcpip.dll
0x731d0000 - 0x73214000 	C:\Windows\system32\DNSAPI.dll
0x73800000 - 0x7381c000 	C:\Windows\system32\IPHLPAPI.DLL
0x737f0000 - 0x737f7000 	C:\Windows\system32\WINNSI.DLL
0x73170000 - 0x73176000 	C:\Windows\system32\rasadhlp.dll
0x72110000 - 0x72148000 	C:\Windows\System32\fwpuclnt.dll
0x74e60000 - 0x74ee3000 	C:\Windows\syswow64\CLBCatQ.DLL
0x74610000 - 0x74617000 	C:\Windows\system32\msiltcfg.dll
0x72aa0000 - 0x72ce0000 	C:\Windows\system32\msi.dll
0x73410000 - 0x73413000 	C:\Windows\SysWOW64\SFC.DLL
0x73400000 - 0x7340d000 	C:\Windows\system32\sfc_os.DLL
0x73480000 - 0x73575000 	C:\Windows\system32\propsys.dll
0x72f30000 - 0x72f51000 	C:\Windows\system32\ntmarta.dll
0x76160000 - 0x761a5000 	C:\Windows\syswow64\WLDAP32.dll
0x73a20000 - 0x73bb8000 	C:\Windows\system32\NetworkExplorer.dll
0x739a0000 - 0x739ce000 	C:\Windows\System32\shdocvw.dll
0x72950000 - 0x7295b000 	C:\Windows\system32\profapi.dll
0x72e20000 - 0x72e2a000 	C:\Windows\system32\slc.dll
0x733a0000 - 0x733b2000 	C:\Windows\system32\MPR.dll
0x10000000 - 0x10013000 	C:\Program Files (x86)\Common Files\Adobe\Adobe Drive CS4\AdobeDriveCS4_NP.dll
0x73340000 - 0x73348000 	C:\Windows\System32\drprov.dll
0x72150000 - 0x72179000 	C:\Windows\System32\WINSTA.dll
0x73320000 - 0x73334000 	C:\Windows\System32\ntlanman.dll
0x73300000 - 0x73316000 	C:\Windows\System32\davclnt.dll
0x73970000 - 0x73978000 	C:\Windows\System32\DAVHLPR.dll
0x73360000 - 0x7336f000 	C:\Windows\system32\wkscli.dll
0x72ed0000 - 0x72edb000 	C:\Windows\system32\cscapi.dll
0x73370000 - 0x73379000 	C:\Windows\system32\netutils.dll
0x71730000 - 0x717b9000 	C:\Windows\system32\PortableDeviceApi.dll
0x76a30000 - 0x76a5d000 	C:\Windows\syswow64\WINTRUST.dll
0x75f50000 - 0x7606c000 	C:\Windows\syswow64\CRYPT32.dll
0x76120000 - 0x7612c000 	C:\Windows\syswow64\MSASN1.dll
0x732d0000 - 0x732f2000 	C:\Windows\system32\EhStorAPI.dll
0x73470000 - 0x73479000 	C:\Windows\system32\LINKINFO.dll
0x73780000 - 0x73796000 	C:\Windows\system32\CRYPTSP.dll
0x73740000 - 0x7377b000 	C:\Windows\system32\rsaenh.dll
0x732a0000 - 0x732b7000 	C:\Windows\system32\USERENV.dll
0x73270000 - 0x73280000 	C:\Windows\system32\NLAapi.dll
0x731c0000 - 0x731c8000 	C:\Windows\System32\winrnr.dll
0x731b0000 - 0x731c0000 	C:\Windows\system32\napinsp.dll
0x73190000 - 0x731a2000 	C:\Windows\system32\pnrpnsp.dll
0x73180000 - 0x7318d000 	C:\Windows\system32\wshbth.dll

VM Arguments:
jvm_args: -Djava.library.path=D:\Documents\M-Business Important\ICTV-Tool\COMPILING\MSS -Dfile.encoding=Cp1251 
java_command: base_gui.Launcher
Launcher Type: SUN_STANDARD

Environment Variables:
PATH=C:/Program Files (x86)/Java/jre6/bin/client;C:/Program Files (x86)/Java/jre6/bin;C:\Windows\system32;C:\Windows;C:\Windows\System32\Wbem;C:\Windows\System32\WindowsPowerShell\v1.0\;C:\Program Files (x86)\TC UP\PLUGINS\Library;c:\Program Files (x86)\Microsoft SQL Server\90\Tools\binn\;D:\Program files\Delphi Prism\bin;C:\Users\Public\Documents\RAD Studio\6.0\Bpl;C:\Program Files (x86)\clisp-2.49
USERNAME=RX
OS=Windows_NT
PROCESSOR_IDENTIFIER=AMD64 Family 15 Model 104 Stepping 2, AuthenticAMD



---------------  S Y S T E M  ---------------

OS: Windows 7 Build 7600 

CPU:total 2 (2 cores per cpu, 1 threads per core) family 15 model 104 stepping 2, cmov, cx8, fxsr, mmx, sse, sse2, sse3, mmxext, 3dnow, 3dnowext

Memory: 4k page, physical 4193204k(1730172k free), swap 6966560k(3855448k free)

vm_info: Java HotSpot(TM) Client VM (17.1-b03) for windows-x86 JRE (1.6.0_22-b04), built on Sep 15 2010 00:56:36 by "java_re" with MS VC++ 7.1 (VS2003)

time: Wed Jan 26 14:15:58 2011
elapsed time: 4851 seconds

