#
# A fatal error has been detected by the Java Runtime Environment:
#
#  EXCEPTION_ACCESS_VIOLATION (0xc0000005) at pc=0x6d0b6b30, pid=1072, tid=5260
#
# JRE version: 6.0_22-b04
# Java VM: Java HotSpot(TM) Client VM (17.1-b03 mixed mode, sharing windows-x86 )
# Problematic frame:
# C  [awt.dll+0xb6b30]
#
# If you would like to submit a bug report, please visit:
#   http://java.sun.com/webapps/bugreport/crash.jsp
# The crash happened outside the Java Virtual Machine in native code.
# See problematic frame for where to report the bug.
#

---------------  T H R E A D  ---------------

Current thread (0x047a6c00):  JavaThread "AWT-Windows" daemon [_thread_in_native, id=5260, stack(0x04c50000,0x04ca0000)]

siginfo: ExceptionCode=0xc0000005, reading address 0x00000000

Registers:
EAX=0x04c9fa78, EBX=0x047b3cb8, ECX=0x00000204, EDX=0x000000c0
ESP=0x04c9fa60, EBP=0x757e1450, ESI=0x00000000, EDI=0x000000c0
EIP=0x6d0b6b30, EFLAGS=0x00010216

Top of Stack: (sp=0x04c9fa60)
0x04c9fa60:   04c9fa78 00001000 00000000 047a9a50
0x04c9fa70:   00000001 04c9fa68 04c9fa6c 6d0ae4fd
0x04c9fa80:   00000000 00000000 047a9a50 6d0ae5ca
0x04c9fa90:   00000000 047a9a50 00000001 6d0ae6ce
0x04c9faa0:   047a9a50 6d063812 01cd76a0 00000000
0x04c9fab0:   6d0b0630 00000001 6d102f58 6d102940
0x04c9fac0:   01cd76a0 6d0b1a32 6d102f50 6d0b1c19
0x04c9fad0:   6d09a4b3 00000000 0000148c 00000000 

Instructions: (pc=0x6d0b6b30)
0x6d0b6b20:   05 00 20 00 00 50 c1 e2 05 8d 44 24 14 50 8b fa
0x6d0b6b30:   8b 16 57 c1 e1 05 51 56 ff 52 2c 85 c0 0f 8c 93 


Stack: [0x04c50000,0x04ca0000],  sp=0x04c9fa60,  free space=13e04c9f544k
Native frames: (J=compiled Java code, j=interpreted, Vv=VM code, C=native code)
C  [awt.dll+0xb6b30]

Java frames: (J=compiled Java code, j=interpreted, Vv=VM code)
j  sun.awt.windows.WToolkit.eventLoop()V+0
j  sun.awt.windows.WToolkit.run()V+52
j  java.lang.Thread.run()V+11
v  ~StubRoutines::call_stub

---------------  P R O C E S S  ---------------

Java Threads: ( => current thread )
  0x01d42800 JavaThread "Thread-1" daemon [_thread_in_native, id=4544, stack(0x07b60000,0x07bb0000)]
  0x01d43c00 JavaThread "Timer-0" daemon [_thread_blocked, id=5876, stack(0x08bd0000,0x08c20000)]
  0x04892000 JavaThread "Swing-Shell" daemon [_thread_in_native, id=4332, stack(0x087c0000,0x08810000)]
  0x04802c00 JavaThread "TimerQueue" daemon [_thread_blocked, id=5608, stack(0x080f0000,0x08140000)]
  0x00199c00 JavaThread "DestroyJavaVM" [_thread_blocked, id=896, stack(0x00370000,0x003c0000)]
  0x047a7400 JavaThread "AWT-EventQueue-0" [_thread_blocked, id=2608, stack(0x04d80000,0x04dd0000)]
=>0x047a6c00 JavaThread "AWT-Windows" daemon [_thread_in_native, id=5260, stack(0x04c50000,0x04ca0000)]
  0x047a6400 JavaThread "AWT-Shutdown" [_thread_blocked, id=1128, stack(0x04bc0000,0x04c10000)]
  0x047a3c00 JavaThread "Java2D Disposer" daemon [_thread_blocked, id=2660, stack(0x04b30000,0x04b80000)]
  0x01d1f000 JavaThread "Low Memory Detector" daemon [_thread_blocked, id=1204, stack(0x045d0000,0x04620000)]
  0x01d1a400 JavaThread "CompilerThread0" daemon [_thread_blocked, id=4572, stack(0x04540000,0x04590000)]
  0x01d18c00 JavaThread "Attach Listener" daemon [_thread_blocked, id=2628, stack(0x044b0000,0x04500000)]
  0x01d15c00 JavaThread "Signal Dispatcher" daemon [_thread_blocked, id=5016, stack(0x04420000,0x04470000)]
  0x01cd2800 JavaThread "Finalizer" daemon [_thread_blocked, id=1508, stack(0x04390000,0x043e0000)]
  0x01cd1000 JavaThread "Reference Handler" daemon [_thread_blocked, id=4672, stack(0x04300000,0x04350000)]

Other Threads:
  0x01ccfc00 VMThread [stack: 0x04270000,0x042c0000] [id=5800]
  0x01d30c00 WatcherThread [stack: 0x04660000,0x046b0000] [id=4464]

VM state:not at safepoint (normal execution)

VM Mutex/Monitor currently owned by a thread: None

Heap
 def new generation   total 11072K, used 2803K [0x24180000, 0x24d80000, 0x296d0000)
  eden space 9856K,  28% used [0x24180000, 0x2443cf98, 0x24b20000)
  from space 1216K,   0% used [0x24b20000, 0x24b20000, 0x24c50000)
  to   space 1216K,   0% used [0x24c50000, 0x24c50000, 0x24d80000)
 tenured generation   total 24536K, used 14719K [0x296d0000, 0x2aec6000, 0x34180000)
   the space 24536K,  59% used [0x296d0000, 0x2a52ff20, 0x2a530000, 0x2aec6000)
 compacting perm gen  total 12288K, used 6227K [0x34180000, 0x34d80000, 0x38180000)
   the space 12288K,  50% used [0x34180000, 0x34794db8, 0x34794e00, 0x34d80000)
    ro space 10240K,  51% used [0x38180000, 0x386abaf8, 0x386abc00, 0x38b80000)
    rw space 12288K,  54% used [0x38b80000, 0x392176d8, 0x39217800, 0x39780000)

Dynamic libraries:
0x00400000 - 0x00424000 	C:\Program Files (x86)\Java\jre6\bin\javaw.exe
0x77540000 - 0x776c0000 	C:\Windows\SysWOW64\ntdll.dll
0x757d0000 - 0x758d0000 	C:\Windows\syswow64\kernel32.dll
0x75a60000 - 0x75aa6000 	C:\Windows\syswow64\KERNELBASE.dll
0x75730000 - 0x757d0000 	C:\Windows\syswow64\ADVAPI32.dll
0x75250000 - 0x752fc000 	C:\Windows\syswow64\msvcrt.dll
0x75300000 - 0x75319000 	C:\Windows\SysWOW64\sechost.dll
0x769f0000 - 0x76ae0000 	C:\Windows\syswow64\RPCRT4.dll
0x750b0000 - 0x75110000 	C:\Windows\syswow64\SspiCli.dll
0x750a0000 - 0x750ac000 	C:\Windows\syswow64\CRYPTBASE.dll
0x758d0000 - 0x759d0000 	C:\Windows\syswow64\USER32.dll
0x75320000 - 0x753b0000 	C:\Windows\syswow64\GDI32.dll
0x753b0000 - 0x753ba000 	C:\Windows\syswow64\LPK.dll
0x76f40000 - 0x76fdd000 	C:\Windows\syswow64\USP10.dll
0x753c0000 - 0x75420000 	C:\Windows\system32\IMM32.DLL
0x76ff0000 - 0x770bc000 	C:\Windows\syswow64\MSCTF.dll
0x7c340000 - 0x7c396000 	C:\Program Files (x86)\Java\jre6\bin\msvcr71.dll
0x6d7f0000 - 0x6da97000 	C:\Program Files (x86)\Java\jre6\bin\client\jvm.dll
0x73b20000 - 0x73b52000 	C:\Windows\system32\WINMM.dll
0x73790000 - 0x737db000 	C:\Windows\system32\apphelp.dll
0x6d7a0000 - 0x6d7ac000 	C:\Program Files (x86)\Java\jre6\bin\verify.dll
0x6d320000 - 0x6d33f000 	C:\Program Files (x86)\Java\jre6\bin\java.dll
0x6d280000 - 0x6d288000 	C:\Program Files (x86)\Java\jre6\bin\hpi.dll
0x76fe0000 - 0x76fe5000 	C:\Windows\syswow64\PSAPI.DLL
0x6d7e0000 - 0x6d7ef000 	C:\Program Files (x86)\Java\jre6\bin\zip.dll
0x6d000000 - 0x6d14a000 	C:\Program Files (x86)\Java\jre6\bin\awt.dll
0x6ffc0000 - 0x70011000 	C:\Windows\system32\WINSPOOL.DRV
0x755d0000 - 0x7572c000 	C:\Windows\syswow64\ole32.dll
0x738f0000 - 0x73a8e000 	C:\Windows\WinSxS\x86_microsoft.windows.common-controls_6595b64144ccf1df_6.0.7600.16385_none_421189da2b7fabfc\COMCTL32.dll
0x75450000 - 0x754a7000 	C:\Windows\syswow64\SHLWAPI.dll
0x720b0000 - 0x720c3000 	C:\Windows\system32\DWMAPI.DLL
0x71840000 - 0x718c0000 	C:\Windows\system32\uxtheme.dll
0x3aa00000 - 0x3ab06000 	C:\Program Files (x86)\ABBYY Lingvo x3\LvHook.dll
0x75ab0000 - 0x766f9000 	C:\Windows\syswow64\SHELL32.dll
0x76ae0000 - 0x76b6f000 	C:\Windows\syswow64\OLEAUT32.dll
0x6d230000 - 0x6d27f000 	C:\Program Files (x86)\Java\jre6\bin\fontmanager.dll
0x04dd0000 - 0x04f93000 	C:\Windows\system32\d3d9.dll
0x73b10000 - 0x73b19000 	C:\Windows\system32\VERSION.dll
0x6e340000 - 0x6e346000 	C:\Windows\system32\d3d8thk.dll
0x05160000 - 0x058bc000 	C:\Windows\system32\nvd3dum.dll
0x70460000 - 0x70485000 	C:\Windows\system32\powrprof.dll
0x76830000 - 0x769cd000 	C:\Windows\syswow64\SETUPAPI.dll
0x76700000 - 0x76727000 	C:\Windows\syswow64\CFGMGR32.dll
0x769d0000 - 0x769e2000 	C:\Windows\syswow64\DEVOBJ.dll
0x6d600000 - 0x6d613000 	C:\Program Files (x86)\Java\jre6\bin\net.dll
0x76d80000 - 0x76db5000 	C:\Windows\syswow64\WS2_32.dll
0x76e20000 - 0x76e26000 	C:\Windows\syswow64\NSI.dll
0x73590000 - 0x735cc000 	C:\Windows\system32\mswsock.dll
0x73270000 - 0x73276000 	C:\Windows\System32\wship6.dll
0x6d620000 - 0x6d629000 	C:\Program Files (x86)\Java\jre6\bin\nio.dll
0x73230000 - 0x73235000 	C:\Windows\System32\wshtcpip.dll
0x76e30000 - 0x76eb3000 	C:\Windows\syswow64\CLBCatQ.DLL
0x737f0000 - 0x738e5000 	C:\Windows\system32\propsys.dll
0x72d10000 - 0x72d31000 	C:\Windows\system32\ntmarta.dll
0x76ec0000 - 0x76f05000 	C:\Windows\syswow64\WLDAP32.dll
0x6e010000 - 0x6e1a8000 	C:\Windows\system32\NetworkExplorer.dll
0x6fef0000 - 0x6ff1e000 	C:\Windows\System32\shdocvw.dll
0x72cc0000 - 0x72ccb000 	C:\Windows\system32\profapi.dll
0x73190000 - 0x7319a000 	C:\Windows\system32\slc.dll
0x6ff50000 - 0x6ff62000 	C:\Windows\system32\MPR.dll
0x10000000 - 0x10013000 	C:\Program Files (x86)\Common Files\Adobe\Adobe Drive CS4\AdobeDriveCS4_NP.dll
0x6e330000 - 0x6e338000 	C:\Windows\System32\drprov.dll
0x72070000 - 0x72099000 	C:\Windows\System32\WINSTA.dll
0x6e310000 - 0x6e324000 	C:\Windows\System32\ntlanman.dll
0x6e2f0000 - 0x6e306000 	C:\Windows\System32\davclnt.dll
0x6ff70000 - 0x6ff78000 	C:\Windows\System32\DAVHLPR.dll
0x73750000 - 0x7375f000 	C:\Windows\system32\wkscli.dll
0x73240000 - 0x7324b000 	C:\Windows\system32\cscapi.dll
0x73760000 - 0x73769000 	C:\Windows\system32\netutils.dll
0x6e1d0000 - 0x6e259000 	C:\Windows\system32\PortableDeviceApi.dll
0x76f10000 - 0x76f3d000 	C:\Windows\syswow64\WINTRUST.dll
0x754b0000 - 0x755cc000 	C:\Windows\syswow64\CRYPT32.dll
0x77510000 - 0x7751c000 	C:\Windows\syswow64\MSASN1.dll
0x6e2c0000 - 0x6e2eb000 	C:\Windows\system32\PortableDeviceTypes.dll
0x08c70000 - 0x08c92000 	C:\Windows\system32\EhStorAPI.dll
0x737e0000 - 0x737e9000 	C:\Windows\system32\LINKINFO.dll
0x6d1a0000 - 0x6d1c3000 	C:\Program Files (x86)\Java\jre6\bin\dcpr.dll
0x741f0000 - 0x741f7000 	C:\Windows\system32\msiltcfg.dll
0x72e80000 - 0x730c0000 	C:\Windows\system32\msi.dll
0x735f0000 - 0x735f3000 	C:\Windows\SysWOW64\SFC.DLL
0x735e0000 - 0x735ed000 	C:\Windows\system32\sfc_os.DLL

VM Arguments:
jvm_args: -Djava.library.path=D:\Documents\M-Business Important\ICTV-Tool\COMPILING\MSS -Dfile.encoding=Cp1251 
java_command: base_gui.Launcher
Launcher Type: SUN_STANDARD

Environment Variables:
PATH=C:/Program Files (x86)/Java/jre6/bin/client;C:/Program Files (x86)/Java/jre6/bin;C:\Windows\system32;C:\Windows;C:\Windows\System32\Wbem;C:\Windows\System32\WindowsPowerShell\v1.0\;C:\Program Files (x86)\TC UP\PLUGINS\Library;c:\Program Files (x86)\Microsoft SQL Server\90\Tools\binn\;D:\Program files\Delphi Prism\bin;C:\Users\Public\Documents\RAD Studio\6.0\Bpl;C:\Program Files (x86)\clisp-2.49
USERNAME=RX
OS=Windows_NT
PROCESSOR_IDENTIFIER=AMD64 Family 15 Model 104 Stepping 2, AuthenticAMD



---------------  S Y S T E M  ---------------

OS: Windows 7 Build 7600 

CPU:total 2 (2 cores per cpu, 1 threads per core) family 15 model 104 stepping 2, cmov, cx8, fxsr, mmx, sse, sse2, sse3, mmxext, 3dnow, 3dnowext

Memory: 4k page, physical 4193204k(2010700k free), swap 8384512k(5475172k free)

vm_info: Java HotSpot(TM) Client VM (17.1-b03) for windows-x86 JRE (1.6.0_22-b04), built on Sep 15 2010 00:56:36 by "java_re" with MS VC++ 7.1 (VS2003)

time: Wed Dec 22 12:45:52 2010
elapsed time: 76385 seconds

