#
# A fatal error has been detected by the Java Runtime Environment:
#
#  EXCEPTION_ACCESS_VIOLATION (0xc0000005) at pc=0x6d0b6b30, pid=7732, tid=7896
#
# JRE version: 6.0_22-b04
# Java VM: Java HotSpot(TM) Client VM (17.1-b03 mixed mode, sharing windows-x86 )
# Problematic frame:
# C  [awt.dll+0xb6b30]
#
# If you would like to submit a bug report, please visit:
#   http://java.sun.com/webapps/bugreport/crash.jsp
# The crash happened outside the Java Virtual Machine in native code.
# See problematic frame for where to report the bug.
#

---------------  T H R E A D  ---------------

Current thread (0x048ac800):  JavaThread "AWT-Windows" daemon [_thread_in_native, id=7896, stack(0x04c80000,0x04cd0000)]

siginfo: ExceptionCode=0xc0000005, reading address 0x00000000

Registers:
EAX=0x04ccf878, EBX=0x048c2c28, ECX=0x0000012c, EDX=0x000000c0
ESP=0x04ccf860, EBP=0x75f21450, ESI=0x00000000, EDI=0x000000c0
EIP=0x6d0b6b30, EFLAGS=0x00010216

Top of Stack: (sp=0x04ccf860)
0x04ccf860:   04ccf878 00001000 00000000 048c2a08
0x04ccf870:   00000001 04ccf868 04ccf86c 6d0ae4fd
0x04ccf880:   00000000 00000000 048c2a08 6d0ae5ca
0x04ccf890:   00000000 048c2a08 00000001 6d0ae6ce
0x04ccf8a0:   048c2a08 6d063812 020c70f0 00000000
0x04ccf8b0:   6d0b0630 00000001 6d102f58 6d102940
0x04ccf8c0:   020c70f0 6d0b1a32 6d102f50 6d0b1c19
0x04ccf8d0:   6d09a4b3 00000000 00001ed8 00000000 

Instructions: (pc=0x6d0b6b30)
0x6d0b6b20:   05 00 20 00 00 50 c1 e2 05 8d 44 24 14 50 8b fa
0x6d0b6b30:   8b 16 57 c1 e1 05 51 56 ff 52 2c 85 c0 0f 8c 93 


Stack: [0x04c80000,0x04cd0000],  sp=0x04ccf860,  free space=13e04ccf344k
Native frames: (J=compiled Java code, j=interpreted, Vv=VM code, C=native code)
C  [awt.dll+0xb6b30]

Java frames: (J=compiled Java code, j=interpreted, Vv=VM code)
j  sun.awt.windows.WToolkit.eventLoop()V+0
j  sun.awt.windows.WToolkit.run()V+52
j  java.lang.Thread.run()V+11
v  ~StubRoutines::call_stub

---------------  P R O C E S S  ---------------

Java Threads: ( => current thread )
  0x0841b400 JavaThread "Thread-1" daemon [_thread_in_native, id=6000, stack(0x07350000,0x073a0000)]
  0x0841a800 JavaThread "Keep-Alive-Timer" daemon [_thread_blocked, id=6832, stack(0x07230000,0x07280000)]
  0x0841a400 JavaThread "AWT-EventQueue-0" [_thread_blocked, id=7336, stack(0x071a0000,0x071f0000)]
  0x08419000 JavaThread "Thread-10" [_thread_blocked, id=7868, stack(0x08d60000,0x08db0000)]
  0x04927400 JavaThread "TimerQueue" daemon [_thread_blocked, id=5252, stack(0x07600000,0x07650000)]
  0x02089800 JavaThread "DestroyJavaVM" [_thread_blocked, id=6032, stack(0x00250000,0x002a0000)]
=>0x048ac800 JavaThread "AWT-Windows" daemon [_thread_in_native, id=7896, stack(0x04c80000,0x04cd0000)]
  0x048ac000 JavaThread "AWT-Shutdown" [_thread_blocked, id=6096, stack(0x04bf0000,0x04c40000)]
  0x04873400 JavaThread "Java2D Disposer" daemon [_thread_blocked, id=7644, stack(0x04b60000,0x04bb0000)]
  0x0210e400 JavaThread "Low Memory Detector" daemon [_thread_blocked, id=4292, stack(0x04640000,0x04690000)]
  0x02108000 JavaThread "CompilerThread0" daemon [_thread_blocked, id=7768, stack(0x045b0000,0x04600000)]
  0x02106800 JavaThread "Attach Listener" daemon [_thread_blocked, id=6576, stack(0x04520000,0x04570000)]
  0x02103800 JavaThread "Signal Dispatcher" daemon [_thread_blocked, id=6752, stack(0x04490000,0x044e0000)]
  0x020c5800 JavaThread "Finalizer" daemon [_thread_blocked, id=7308, stack(0x04400000,0x04450000)]
  0x020c1000 JavaThread "Reference Handler" daemon [_thread_blocked, id=7472, stack(0x04370000,0x043c0000)]

Other Threads:
  0x020bfc00 VMThread [stack: 0x042e0000,0x04330000] [id=8112]
  0x02132000 WatcherThread [stack: 0x046d0000,0x04720000] [id=6984]

VM state:not at safepoint (normal execution)

VM Mutex/Monitor currently owned by a thread: None

Heap
 def new generation   total 4928K, used 587K [0x24180000, 0x246d0000, 0x296d0000)
  eden space 4416K,   9% used [0x24180000, 0x241eca10, 0x245d0000)
  from space 512K,  29% used [0x245d0000, 0x245f6430, 0x24650000)
  to   space 512K,   0% used [0x24650000, 0x24650000, 0x246d0000)
 tenured generation   total 10944K, used 9527K [0x296d0000, 0x2a180000, 0x34180000)
   the space 10944K,  87% used [0x296d0000, 0x2a01df48, 0x2a01e000, 0x2a180000)
 compacting perm gen  total 12288K, used 4312K [0x34180000, 0x34d80000, 0x38180000)
   the space 12288K,  35% used [0x34180000, 0x345b6108, 0x345b6200, 0x34d80000)
    ro space 10240K,  51% used [0x38180000, 0x386abaf8, 0x386abc00, 0x38b80000)
    rw space 12288K,  54% used [0x38b80000, 0x392176d8, 0x39217800, 0x39780000)

Dynamic libraries:
0x00400000 - 0x00424000 	C:\Program Files (x86)\Java\jre6\bin\javaw.exe
0x77b80000 - 0x77d00000 	C:\Windows\SysWOW64\ntdll.dll
0x75f10000 - 0x76010000 	C:\Windows\syswow64\kernel32.dll
0x77690000 - 0x776d6000 	C:\Windows\syswow64\KERNELBASE.dll
0x776e0000 - 0x77780000 	C:\Windows\syswow64\ADVAPI32.dll
0x75d20000 - 0x75dcc000 	C:\Windows\syswow64\msvcrt.dll
0x765d0000 - 0x765e9000 	C:\Windows\SysWOW64\sechost.dll
0x764e0000 - 0x765d0000 	C:\Windows\syswow64\RPCRT4.dll
0x756f0000 - 0x75750000 	C:\Windows\syswow64\SspiCli.dll
0x756e0000 - 0x756ec000 	C:\Windows\syswow64\CRYPTBASE.dll
0x768b0000 - 0x769b0000 	C:\Windows\syswow64\USER32.dll
0x75e20000 - 0x75eb0000 	C:\Windows\syswow64\GDI32.dll
0x76050000 - 0x7605a000 	C:\Windows\syswow64\LPK.dll
0x75750000 - 0x757ed000 	C:\Windows\syswow64\USP10.dll
0x76650000 - 0x766b0000 	C:\Windows\system32\IMM32.DLL
0x75c40000 - 0x75d0c000 	C:\Windows\syswow64\MSCTF.dll
0x7c340000 - 0x7c396000 	C:\Program Files (x86)\Java\jre6\bin\msvcr71.dll
0x6d7f0000 - 0x6da97000 	C:\Program Files (x86)\Java\jre6\bin\client\jvm.dll
0x74160000 - 0x74192000 	C:\Windows\system32\WINMM.dll
0x73dd0000 - 0x73e1b000 	C:\Windows\system32\apphelp.dll
0x6d7a0000 - 0x6d7ac000 	C:\Program Files (x86)\Java\jre6\bin\verify.dll
0x6d320000 - 0x6d33f000 	C:\Program Files (x86)\Java\jre6\bin\java.dll
0x6d280000 - 0x6d288000 	C:\Program Files (x86)\Java\jre6\bin\hpi.dll
0x77b50000 - 0x77b55000 	C:\Windows\syswow64\PSAPI.DLL
0x6d7e0000 - 0x6d7ef000 	C:\Program Files (x86)\Java\jre6\bin\zip.dll
0x6d000000 - 0x6d14a000 	C:\Program Files (x86)\Java\jre6\bin\awt.dll
0x754f0000 - 0x75541000 	C:\Windows\system32\WINSPOOL.DRV
0x757f0000 - 0x7594c000 	C:\Windows\syswow64\ole32.dll
0x73f30000 - 0x740ce000 	C:\Windows\WinSxS\x86_microsoft.windows.common-controls_6595b64144ccf1df_6.0.7600.16385_none_421189da2b7fabfc\COMCTL32.dll
0x75eb0000 - 0x75f07000 	C:\Windows\syswow64\SHLWAPI.dll
0x72060000 - 0x72073000 	C:\Windows\system32\DWMAPI.DLL
0x72080000 - 0x72100000 	C:\Windows\system32\uxtheme.dll
0x3aa00000 - 0x3ab06000 	C:\Program Files (x86)\ABBYY Lingvo x3\LvHook.dll
0x76a40000 - 0x77689000 	C:\Windows\syswow64\SHELL32.dll
0x75950000 - 0x759df000 	C:\Windows\syswow64\OLEAUT32.dll
0x6d230000 - 0x6d27f000 	C:\Program Files (x86)\Java\jre6\bin\fontmanager.dll
0x69af0000 - 0x69cb3000 	C:\Windows\system32\d3d9.dll
0x74150000 - 0x74159000 	C:\Windows\system32\VERSION.dll
0x69f70000 - 0x69f76000 	C:\Windows\system32\d3d8thk.dll
0x69390000 - 0x69aec000 	C:\Windows\system32\nvd3dum.dll
0x69f40000 - 0x69f65000 	C:\Windows\system32\powrprof.dll
0x761a0000 - 0x7633d000 	C:\Windows\syswow64\SETUPAPI.dll
0x765f0000 - 0x76617000 	C:\Windows\syswow64\CFGMGR32.dll
0x75ab0000 - 0x75ac2000 	C:\Windows\syswow64\DEVOBJ.dll
0x6d600000 - 0x6d613000 	C:\Program Files (x86)\Java\jre6\bin\net.dll
0x76010000 - 0x76045000 	C:\Windows\syswow64\WS2_32.dll
0x75d10000 - 0x75d16000 	C:\Windows\syswow64\NSI.dll
0x73b20000 - 0x73b5c000 	C:\Windows\system32\mswsock.dll
0x738e0000 - 0x738e6000 	C:\Windows\System32\wship6.dll
0x6d620000 - 0x6d629000 	C:\Program Files (x86)\Java\jre6\bin\nio.dll
0x6d1a0000 - 0x6d1c3000 	C:\Program Files (x86)\Java\jre6\bin\dcpr.dll
0x759e0000 - 0x75a63000 	C:\Windows\syswow64\CLBCatQ.DLL
0x74740000 - 0x74747000 	C:\Windows\system32\msiltcfg.dll
0x73460000 - 0x736a0000 	C:\Windows\system32\msi.dll
0x738d0000 - 0x738d5000 	C:\Windows\System32\wshtcpip.dll
0x73ad0000 - 0x73b14000 	C:\Windows\system32\DNSAPI.dll
0x741b0000 - 0x741cc000 	C:\Windows\system32\IPHLPAPI.DLL
0x741a0000 - 0x741a7000 	C:\Windows\system32\WINNSI.DLL
0x73a70000 - 0x73a76000 	C:\Windows\system32\rasadhlp.dll
0x755b0000 - 0x755e8000 	C:\Windows\System32\fwpuclnt.dll
0x73b90000 - 0x73b93000 	C:\Windows\SysWOW64\SFC.DLL
0x73b80000 - 0x73b8d000 	C:\Windows\system32\sfc_os.DLL
0x73e30000 - 0x73f25000 	C:\Windows\system32\propsys.dll
0x739d0000 - 0x739f1000 	C:\Windows\system32\ntmarta.dll
0x75dd0000 - 0x75e15000 	C:\Windows\syswow64\WLDAP32.dll
0x68350000 - 0x684e8000 	C:\Windows\system32\NetworkExplorer.dll
0x745d0000 - 0x745fe000 	C:\Windows\System32\shdocvw.dll
0x73300000 - 0x7330b000 	C:\Windows\system32\profapi.dll
0x737d0000 - 0x737da000 	C:\Windows\system32\slc.dll
0x74fe0000 - 0x74ff2000 	C:\Windows\system32\MPR.dll
0x10000000 - 0x10013000 	C:\Program Files (x86)\Common Files\Adobe\Adobe Drive CS4\AdobeDriveCS4_NP.dll
0x6af10000 - 0x6af18000 	C:\Windows\System32\drprov.dll
0x72110000 - 0x72139000 	C:\Windows\System32\WINSTA.dll
0x6a9c0000 - 0x6a9d4000 	C:\Windows\System32\ntlanman.dll
0x6a9a0000 - 0x6a9b6000 	C:\Windows\System32\davclnt.dll
0x6a990000 - 0x6a998000 	C:\Windows\System32\DAVHLPR.dll
0x73d90000 - 0x73d9f000 	C:\Windows\system32\wkscli.dll
0x73880000 - 0x7388b000 	C:\Windows\system32\cscapi.dll
0x73da0000 - 0x73da9000 	C:\Windows\system32\netutils.dll
0x6a900000 - 0x6a989000 	C:\Windows\system32\PortableDeviceApi.dll
0x76620000 - 0x7664d000 	C:\Windows\syswow64\WINTRUST.dll
0x76340000 - 0x7645c000 	C:\Windows\syswow64\CRYPT32.dll
0x75ad0000 - 0x75adc000 	C:\Windows\syswow64\MSASN1.dll
0x6a820000 - 0x6a842000 	C:\Windows\system32\EhStorAPI.dll
0x73e20000 - 0x73e29000 	C:\Windows\system32\LINKINFO.dll

VM Arguments:
jvm_args: -Djava.library.path=D:\Documents\M-Business Important\ICTV-Tool\COMPILING\MSS -Dfile.encoding=Cp1251 
java_command: base_gui.Launcher
Launcher Type: SUN_STANDARD

Environment Variables:
PATH=C:/Program Files (x86)/Java/jre6/bin/client;C:/Program Files (x86)/Java/jre6/bin;C:\Windows\system32;C:\Windows;C:\Windows\System32\Wbem;C:\Windows\System32\WindowsPowerShell\v1.0\;C:\Program Files (x86)\TC UP\PLUGINS\Library;c:\Program Files (x86)\Microsoft SQL Server\90\Tools\binn\;D:\Program files\Delphi Prism\bin;C:\Users\Public\Documents\RAD Studio\6.0\Bpl;C:\Program Files (x86)\clisp-2.49
USERNAME=RX
OS=Windows_NT
PROCESSOR_IDENTIFIER=AMD64 Family 15 Model 104 Stepping 2, AuthenticAMD



---------------  S Y S T E M  ---------------

OS: Windows 7 Build 7600 

CPU:total 2 (2 cores per cpu, 1 threads per core) family 15 model 104 stepping 2, cmov, cx8, fxsr, mmx, sse, sse2, sse3, mmxext, 3dnow, 3dnowext

Memory: 4k page, physical 4193204k(1757352k free), swap 7005768k(3543052k free)

vm_info: Java HotSpot(TM) Client VM (17.1-b03) for windows-x86 JRE (1.6.0_22-b04), built on Sep 15 2010 00:56:36 by "java_re" with MS VC++ 7.1 (VS2003)

time: Fri Jan 14 07:43:56 2011
elapsed time: 2530 seconds

