#
# A fatal error has been detected by the Java Runtime Environment:
#
#  EXCEPTION_ACCESS_VIOLATION (0xc0000005) at pc=0x6d0b6b30, pid=4352, tid=4648
#
# JRE version: 6.0_22-b04
# Java VM: Java HotSpot(TM) Client VM (17.1-b03 mixed mode, sharing windows-x86 )
# Problematic frame:
# C  [awt.dll+0xb6b30]
#
# If you would like to submit a bug report, please visit:
#   http://java.sun.com/webapps/bugreport/crash.jsp
# The crash happened outside the Java Virtual Machine in native code.
# See problematic frame for where to report the bug.
#

---------------  T H R E A D  ---------------

Current thread (0x048c5400):  JavaThread "AWT-Windows" daemon [_thread_in_native, id=4648, stack(0x04c40000,0x04c90000)]

siginfo: ExceptionCode=0xc0000005, reading address 0x00000000

Registers:
EAX=0x04c8fa78, EBX=0x048fcec0, ECX=0x000003dc, EDX=0x000000c0
ESP=0x04c8fa60, EBP=0x75b01450, ESI=0x00000000, EDI=0x000000c0
EIP=0x6d0b6b30, EFLAGS=0x00010216

Top of Stack: (sp=0x04c8fa60)
0x04c8fa60:   04c8fa78 00001000 00000000 048fcca0
0x04c8fa70:   00000001 04c8fa68 04c8fa6c 6d0ae4fd
0x04c8fa80:   00000000 00000000 048fcca0 6d0ae5ca
0x04c8fa90:   00000000 048fcca0 00000001 6d0ae6ce
0x04c8faa0:   048fcca0 6d063812 02099060 00000000
0x04c8fab0:   6d0b0630 00000001 6d102f58 6d102940
0x04c8fac0:   02099060 6d0b1a32 6d102f50 6d0b1c19
0x04c8fad0:   6d09a4b3 00000000 00001228 00000000 

Instructions: (pc=0x6d0b6b30)
0x6d0b6b20:   05 00 20 00 00 50 c1 e2 05 8d 44 24 14 50 8b fa
0x6d0b6b30:   8b 16 57 c1 e1 05 51 56 ff 52 2c 85 c0 0f 8c 93 


Stack: [0x04c40000,0x04c90000],  sp=0x04c8fa60,  free space=13e04c8f544k
Native frames: (J=compiled Java code, j=interpreted, Vv=VM code, C=native code)
C  [awt.dll+0xb6b30]

Java frames: (J=compiled Java code, j=interpreted, Vv=VM code)
j  sun.awt.windows.WToolkit.eventLoop()V+0
j  sun.awt.windows.WToolkit.run()V+52
j  java.lang.Thread.run()V+11
v  ~StubRoutines::call_stub

---------------  P R O C E S S  ---------------

Java Threads: ( => current thread )
  0x07959400 JavaThread "Thread-1" daemon [_thread_in_native, id=5296, stack(0x073e0000,0x07430000)]
  0x07957400 JavaThread "AWT-EventQueue-0" [_thread_blocked, id=336, stack(0x072c0000,0x07310000)]
  0x07958c00 JavaThread "Thread-10" [_thread_blocked, id=4040, stack(0x09a80000,0x09ad0000)]
  0x0496ec00 JavaThread "TimerQueue" daemon [_thread_blocked, id=1976, stack(0x076c0000,0x07710000)]
  0x003b9800 JavaThread "DestroyJavaVM" [_thread_blocked, id=4256, stack(0x002d0000,0x00320000)]
=>0x048c5400 JavaThread "AWT-Windows" daemon [_thread_in_native, id=4648, stack(0x04c40000,0x04c90000)]
  0x048c5000 JavaThread "AWT-Shutdown" [_thread_blocked, id=4928, stack(0x04bb0000,0x04c00000)]
  0x048c2800 JavaThread "Java2D Disposer" daemon [_thread_blocked, id=3532, stack(0x04b20000,0x04b70000)]
  0x020de800 JavaThread "Low Memory Detector" daemon [_thread_blocked, id=4728, stack(0x04590000,0x045e0000)]
  0x020d9c00 JavaThread "CompilerThread0" daemon [_thread_blocked, id=5036, stack(0x04500000,0x04550000)]
  0x020d6400 JavaThread "Attach Listener" daemon [_thread_blocked, id=3980, stack(0x04470000,0x044c0000)]
  0x020d5400 JavaThread "Signal Dispatcher" daemon [_thread_blocked, id=5480, stack(0x043e0000,0x04430000)]
  0x02092400 JavaThread "Finalizer" daemon [_thread_blocked, id=312, stack(0x04350000,0x043a0000)]
  0x02091000 JavaThread "Reference Handler" daemon [_thread_blocked, id=5196, stack(0x042c0000,0x04310000)]

Other Threads:
  0x0208fc00 VMThread [stack: 0x04270000,0x042c0000] [id=3128]
  0x020f0400 WatcherThread [stack: 0x04620000,0x04670000] [id=936]

VM state:not at safepoint (normal execution)

VM Mutex/Monitor currently owned by a thread: None

Heap
 def new generation   total 4928K, used 1185K [0x24180000, 0x246d0000, 0x296d0000)
  eden space 4416K,  24% used [0x24180000, 0x24292448, 0x245d0000)
  from space 512K,  17% used [0x245d0000, 0x245e6058, 0x24650000)
  to   space 512K,   0% used [0x24650000, 0x24650000, 0x246d0000)
 tenured generation   total 10944K, used 6621K [0x296d0000, 0x2a180000, 0x34180000)
   the space 10944K,  60% used [0x296d0000, 0x29d47478, 0x29d47600, 0x2a180000)
 compacting perm gen  total 12288K, used 2426K [0x34180000, 0x34d80000, 0x38180000)
   the space 12288K,  19% used [0x34180000, 0x343dea98, 0x343dec00, 0x34d80000)
    ro space 10240K,  51% used [0x38180000, 0x386abaf8, 0x386abc00, 0x38b80000)
    rw space 12288K,  54% used [0x38b80000, 0x392176d8, 0x39217800, 0x39780000)

Dynamic libraries:
0x00400000 - 0x00424000 	C:\Program Files (x86)\Java\jre6\bin\javaw.exe
0x77c70000 - 0x77df0000 	C:\Windows\SysWOW64\ntdll.dll
0x75af0000 - 0x75bf0000 	C:\Windows\syswow64\kernel32.dll
0x77220000 - 0x77266000 	C:\Windows\syswow64\KERNELBASE.dll
0x774e0000 - 0x77580000 	C:\Windows\syswow64\ADVAPI32.dll
0x76c00000 - 0x76cac000 	C:\Windows\syswow64\msvcrt.dll
0x774c0000 - 0x774d9000 	C:\Windows\SysWOW64\sechost.dll
0x75970000 - 0x75a60000 	C:\Windows\syswow64\RPCRT4.dll
0x757e0000 - 0x75840000 	C:\Windows\syswow64\SspiCli.dll
0x757d0000 - 0x757dc000 	C:\Windows\syswow64\CRYPTBASE.dll
0x77580000 - 0x77680000 	C:\Windows\syswow64\USER32.dll
0x75bf0000 - 0x75c80000 	C:\Windows\syswow64\GDI32.dll
0x75960000 - 0x7596a000 	C:\Windows\syswow64\LPK.dll
0x77040000 - 0x770dd000 	C:\Windows\syswow64\USP10.dll
0x76cb0000 - 0x76d10000 	C:\Windows\system32\IMM32.DLL
0x75860000 - 0x7592c000 	C:\Windows\syswow64\MSCTF.dll
0x7c340000 - 0x7c396000 	C:\Program Files (x86)\Java\jre6\bin\msvcr71.dll
0x6d7f0000 - 0x6da97000 	C:\Program Files (x86)\Java\jre6\bin\client\jvm.dll
0x74250000 - 0x74282000 	C:\Windows\system32\WINMM.dll
0x73ec0000 - 0x73f0b000 	C:\Windows\system32\apphelp.dll
0x6d7a0000 - 0x6d7ac000 	C:\Program Files (x86)\Java\jre6\bin\verify.dll
0x6d320000 - 0x6d33f000 	C:\Program Files (x86)\Java\jre6\bin\java.dll
0x6d280000 - 0x6d288000 	C:\Program Files (x86)\Java\jre6\bin\hpi.dll
0x77470000 - 0x77475000 	C:\Windows\syswow64\PSAPI.DLL
0x6d7e0000 - 0x6d7ef000 	C:\Program Files (x86)\Java\jre6\bin\zip.dll
0x6d000000 - 0x6d14a000 	C:\Program Files (x86)\Java\jre6\bin\awt.dll
0x75620000 - 0x75671000 	C:\Windows\system32\WINSPOOL.DRV
0x76d80000 - 0x76edc000 	C:\Windows\syswow64\ole32.dll
0x74020000 - 0x741be000 	C:\Windows\WinSxS\x86_microsoft.windows.common-controls_6595b64144ccf1df_6.0.7600.16385_none_421189da2b7fabfc\COMCTL32.dll
0x75d40000 - 0x75d97000 	C:\Windows\syswow64\SHLWAPI.dll
0x72020000 - 0x72033000 	C:\Windows\system32\DWMAPI.DLL
0x72040000 - 0x720c0000 	C:\Windows\system32\uxtheme.dll
0x3aa00000 - 0x3ab06000 	C:\Program Files (x86)\ABBYY Lingvo x3\LvHook.dll
0x75eb0000 - 0x76af9000 	C:\Windows\syswow64\SHELL32.dll
0x75a60000 - 0x75aef000 	C:\Windows\syswow64\OLEAUT32.dll
0x6d230000 - 0x6d27f000 	C:\Program Files (x86)\Java\jre6\bin\fontmanager.dll
0x6f9c0000 - 0x6fb83000 	C:\Windows\system32\d3d9.dll
0x74240000 - 0x74249000 	C:\Windows\system32\VERSION.dll
0x70130000 - 0x70136000 	C:\Windows\system32\d3d8thk.dll
0x6e0f0000 - 0x6e84c000 	C:\Windows\system32\nvd3dum.dll
0x700e0000 - 0x70105000 	C:\Windows\system32\powrprof.dll
0x77680000 - 0x7781d000 	C:\Windows\syswow64\SETUPAPI.dll
0x75c80000 - 0x75ca7000 	C:\Windows\syswow64\CFGMGR32.dll
0x75840000 - 0x75852000 	C:\Windows\syswow64\DEVOBJ.dll
0x6d600000 - 0x6d613000 	C:\Program Files (x86)\Java\jre6\bin\net.dll
0x77480000 - 0x774b5000 	C:\Windows\syswow64\WS2_32.dll
0x76d10000 - 0x76d16000 	C:\Windows\syswow64\NSI.dll
0x73c20000 - 0x73c5c000 	C:\Windows\system32\mswsock.dll
0x739d0000 - 0x739d6000 	C:\Windows\System32\wship6.dll
0x6d620000 - 0x6d629000 	C:\Program Files (x86)\Java\jre6\bin\nio.dll
0x6d1a0000 - 0x6d1c3000 	C:\Program Files (x86)\Java\jre6\bin\dcpr.dll
0x739c0000 - 0x739c5000 	C:\Windows\System32\wshtcpip.dll
0x73bd0000 - 0x73c14000 	C:\Windows\system32\DNSAPI.dll
0x742a0000 - 0x742bc000 	C:\Windows\system32\IPHLPAPI.DLL
0x74290000 - 0x74297000 	C:\Windows\system32\WINNSI.DLL
0x73b70000 - 0x73b76000 	C:\Windows\system32\rasadhlp.dll
0x720c0000 - 0x720f8000 	C:\Windows\System32\fwpuclnt.dll
0x75e20000 - 0x75ea3000 	C:\Windows\syswow64\CLBCatQ.DLL
0x752b0000 - 0x752b7000 	C:\Windows\system32\msiltcfg.dll
0x73550000 - 0x73790000 	C:\Windows\system32\msi.dll
0x73d00000 - 0x73d03000 	C:\Windows\SysWOW64\SFC.DLL
0x73cf0000 - 0x73cfd000 	C:\Windows\system32\sfc_os.DLL
0x73f20000 - 0x74015000 	C:\Windows\system32\propsys.dll
0x73ae0000 - 0x73b01000 	C:\Windows\system32\ntmarta.dll
0x77820000 - 0x77865000 	C:\Windows\syswow64\WLDAP32.dll
0x6f800000 - 0x6f998000 	C:\Windows\system32\NetworkExplorer.dll
0x753c0000 - 0x753ee000 	C:\Windows\System32\shdocvw.dll
0x733f0000 - 0x733fb000 	C:\Windows\system32\profapi.dll
0x738c0000 - 0x738ca000 	C:\Windows\system32\slc.dll
0x721b0000 - 0x721c2000 	C:\Windows\system32\MPR.dll
0x10000000 - 0x10013000 	C:\Program Files (x86)\Common Files\Adobe\Adobe Drive CS4\AdobeDriveCS4_NP.dll
0x74390000 - 0x74398000 	C:\Windows\System32\drprov.dll
0x72110000 - 0x72139000 	C:\Windows\System32\WINSTA.dll
0x71ef0000 - 0x71f04000 	C:\Windows\System32\ntlanman.dll
0x70090000 - 0x700a6000 	C:\Windows\System32\davclnt.dll
0x73d10000 - 0x73d18000 	C:\Windows\System32\DAVHLPR.dll
0x73e80000 - 0x73e8f000 	C:\Windows\system32\wkscli.dll
0x73970000 - 0x7397b000 	C:\Windows\system32\cscapi.dll
0x73e90000 - 0x73e99000 	C:\Windows\system32\netutils.dll
0x70000000 - 0x70089000 	C:\Windows\system32\PortableDeviceApi.dll
0x76ee0000 - 0x76f0d000 	C:\Windows\syswow64\WINTRUST.dll
0x76f10000 - 0x7702c000 	C:\Windows\syswow64\CRYPT32.dll
0x77c40000 - 0x77c4c000 	C:\Windows\syswow64\MSASN1.dll
0x6fea0000 - 0x6fecb000 	C:\Windows\system32\PortableDeviceTypes.dll
0x6ffd0000 - 0x6fff2000 	C:\Windows\system32\EhStorAPI.dll
0x73f10000 - 0x73f19000 	C:\Windows\system32\LINKINFO.dll

VM Arguments:
jvm_args: -Djava.library.path=D:\Documents\M-Business Important\ICTV-Tool\COMPILING\MSS -Dfile.encoding=Cp1251 
java_command: base_gui.Launcher
Launcher Type: SUN_STANDARD

Environment Variables:
PATH=C:/Program Files (x86)/Java/jre6/bin/client;C:/Program Files (x86)/Java/jre6/bin;C:\Windows\system32;C:\Windows;C:\Windows\System32\Wbem;C:\Windows\System32\WindowsPowerShell\v1.0\;C:\Program Files (x86)\TC UP\PLUGINS\Library;c:\Program Files (x86)\Microsoft SQL Server\90\Tools\binn\;D:\Program files\Delphi Prism\bin;C:\Users\Public\Documents\RAD Studio\6.0\Bpl;C:\Program Files (x86)\clisp-2.49
USERNAME=RX
OS=Windows_NT
PROCESSOR_IDENTIFIER=AMD64 Family 15 Model 104 Stepping 2, AuthenticAMD



---------------  S Y S T E M  ---------------

OS: Windows 7 Build 7600 

CPU:total 2 (2 cores per cpu, 1 threads per core) family 15 model 104 stepping 2, cmov, cx8, fxsr, mmx, sse, sse2, sse3, mmxext, 3dnow, 3dnowext

Memory: 4k page, physical 4193204k(2241044k free), swap 7846832k(5217360k free)

vm_info: Java HotSpot(TM) Client VM (17.1-b03) for windows-x86 JRE (1.6.0_22-b04), built on Sep 15 2010 00:56:36 by "java_re" with MS VC++ 7.1 (VS2003)

time: Mon Jan 24 13:38:20 2011
elapsed time: 1548 seconds

