#
# A fatal error has been detected by the Java Runtime Environment:
#
#  EXCEPTION_ACCESS_VIOLATION (0xc0000005) at pc=0x6d0b70d0, pid=5324, tid=972
#
# JRE version: 6.0_26-b03
# Java VM: Java HotSpot(TM) Client VM (20.1-b02 mixed mode, sharing windows-x86 )
# Problematic frame:
# C  [awt.dll+0xb70d0]
#
# If you would like to submit a bug report, please visit:
#   http://java.sun.com/webapps/bugreport/crash.jsp
# The crash happened outside the Java Virtual Machine in native code.
# See problematic frame for where to report the bug.
#

---------------  T H R E A D  ---------------

Current thread (0x04a3a000):  JavaThread "AWT-Windows" daemon [_thread_in_native, id=972, stack(0x04ca0000,0x04cf0000)]

siginfo: ExceptionCode=0xc0000005, reading address 0x00000000

Registers:
EAX=0x04cef8a8, EBX=0x04a45840, ECX=0x000000e0, EDX=0x000000c0
ESP=0x04cef890, EBP=0x00000000, ESI=0x00000000, EDI=0x000000c0
EIP=0x6d0b70d0, EFLAGS=0x00010216

Top of Stack: (sp=0x04cef890)
0x04cef890:   04cef8a8 00001000 00000000 04a45620
0x04cef8a0:   00000001 04cef898 04cef89c 6d0aea9d
0x04cef8b0:   00000000 00000000 04a45620 6d0aeb6a
0x04cef8c0:   00000000 04a45620 00000001 6d0aec6e
0x04cef8d0:   04a45620 6d063c92 01dfdb80 00000000
0x04cef8e0:   6d0b0ba0 00000001 6d103f60 6d103940
0x04cef8f0:   01dfdb80 6d0b1fd2 6d103f58 6d0b21b9
0x04cef900:   6d09aa03 00000000 75981450 000003cc 

Instructions: (pc=0x6d0b70d0)
0x6d0b70b0:   d8 56 8b b3 10 a0 00 00 1b c0 57 25 00 f0 ff ff
0x6d0b70c0:   05 00 20 00 00 50 c1 e2 05 8d 44 24 14 50 8b fa
0x6d0b70d0:   8b 16 57 c1 e1 05 51 56 ff 52 2c 85 c0 0f 8c 93
0x6d0b70e0:   00 00 00 8b 53 04 8b cf 8b 7c 24 10 8b c1 c1 e9 


Register to memory mapping:

EAX=0x04cef8a8 is pointing into the stack for thread: 0x04a3a000
EBX=0x04a45840 is an unknown value
ECX=0x000000e0 is an unknown value
EDX=0x000000c0 is an unknown value
ESP=0x04cef890 is pointing into the stack for thread: 0x04a3a000
EBP=0x00000000 is an unknown value
ESI=0x00000000 is an unknown value
EDI=0x000000c0 is an unknown value


Stack: [0x04ca0000,0x04cf0000],  sp=0x04cef890,  free space=318k
Native frames: (J=compiled Java code, j=interpreted, Vv=VM code, C=native code)
C  [awt.dll+0xb70d0]  D3DVertexCacher::Render+0x50

[error occurred during error reporting (printing native stack), id 0xc0000005]

Java frames: (J=compiled Java code, j=interpreted, Vv=VM code)
j  sun.awt.windows.WToolkit.eventLoop()V+0
j  sun.awt.windows.WToolkit.run()V+52
j  java.lang.Thread.run()V+11
v  ~StubRoutines::call_stub

---------------  P R O C E S S  ---------------

Java Threads: ( => current thread )
  0x084c3c00 JavaThread "Thread-1" daemon [_thread_in_native, id=1064, stack(0x07490000,0x074e0000)]
  0x084c1000 JavaThread "AWT-EventQueue-0" [_thread_blocked, id=6744, stack(0x071e0000,0x07230000)]
  0x084c2800 JavaThread "Thread-20" [_thread_blocked, id=1824, stack(0x09a60000,0x09ab0000)]
  0x084c2000 JavaThread "Thread-17" [_thread_blocked, id=5104, stack(0x099d0000,0x09a20000)]
  0x084c1c00 JavaThread "Thread-14" [_thread_blocked, id=5216, stack(0x09940000,0x09990000)]
  0x084c1400 JavaThread "Thread-10" [_thread_blocked, id=5100, stack(0x09560000,0x095b0000)]
  0x0849dc00 JavaThread "Thread-5" [_thread_blocked, id=5244, stack(0x08b00000,0x08b50000)]
  0x04a86800 JavaThread "TimerQueue" daemon [_thread_blocked, id=6068, stack(0x075b0000,0x07600000)]
  0x01ed9800 JavaThread "DestroyJavaVM" [_thread_blocked, id=4836, stack(0x001c0000,0x00210000)]
=>0x04a3a000 JavaThread "AWT-Windows" daemon [_thread_in_native, id=972, stack(0x04ca0000,0x04cf0000)]
  0x04a39800 JavaThread "AWT-Shutdown" [_thread_blocked, id=5924, stack(0x04b90000,0x04be0000)]
  0x04a37000 JavaThread "Java2D Disposer" daemon [_thread_blocked, id=4048, stack(0x046e0000,0x04730000)]
  0x01e17000 JavaThread "Low Memory Detector" daemon [_thread_blocked, id=1460, stack(0x045c0000,0x04610000)]
  0x01e13400 JavaThread "C1 CompilerThread0" daemon [_thread_blocked, id=1416, stack(0x04530000,0x04580000)]
  0x01e12c00 JavaThread "Attach Listener" daemon [_thread_blocked, id=5236, stack(0x044a0000,0x044f0000)]
  0x01e08400 JavaThread "Signal Dispatcher" daemon [_thread_blocked, id=2656, stack(0x04410000,0x04460000)]
  0x01dfe000 JavaThread "Finalizer" daemon [_thread_blocked, id=2528, stack(0x04380000,0x043d0000)]
  0x01dfc400 JavaThread "Reference Handler" daemon [_thread_blocked, id=5556, stack(0x042f0000,0x04340000)]

Other Threads:
  0x01dc0000 VMThread [stack: 0x042a0000,0x042f0000] [id=432]
  0x01e20800 WatcherThread [stack: 0x04650000,0x046a0000] [id=2900]

VM state:not at safepoint (normal execution)

VM Mutex/Monitor currently owned by a thread: None

Heap
 def new generation   total 16192K, used 1985K [0x24180000, 0x25310000, 0x296d0000)
  eden space 14400K,   9% used [0x24180000, 0x242ca348, 0x24f90000)
  from space 1792K,  37% used [0x25150000, 0x251f6140, 0x25310000)
  to   space 1792K,   0% used [0x24f90000, 0x24f90000, 0x25150000)
 tenured generation   total 35852K, used 22752K [0x296d0000, 0x2b9d3000, 0x34180000)
   the space 35852K,  63% used [0x296d0000, 0x2ad08278, 0x2ad08400, 0x2b9d3000)
 compacting perm gen  total 12288K, used 2944K [0x34180000, 0x34d80000, 0x38180000)
   the space 12288K,  23% used [0x34180000, 0x344603e8, 0x34460400, 0x34d80000)
    ro space 10240K,  51% used [0x38180000, 0x386adff8, 0x386ae000, 0x38b80000)
    rw space 12288K,  55% used [0x38b80000, 0x3921c208, 0x3921c400, 0x39780000)

Code Cache  [0x021f0000, 0x02578000, 0x041f0000)
 total_blobs=1969 nmethods=1733 adapters=169 free_code_cache=29999168 largest_free_block=96704

Dynamic libraries:
0x00400000 - 0x00424000 	C:\Program Files (x86)\Java\jre6\bin\javaw.exe
0x77cb0000 - 0x77e30000 	C:\Windows\SysWOW64\ntdll.dll
0x75970000 - 0x75a70000 	C:\Windows\syswow64\kernel32.dll
0x75e00000 - 0x75e46000 	C:\Windows\syswow64\KERNELBASE.dll
0x75b00000 - 0x75ba0000 	C:\Windows\syswow64\ADVAPI32.dll
0x77800000 - 0x778ac000 	C:\Windows\syswow64\msvcrt.dll
0x76650000 - 0x76669000 	C:\Windows\SysWOW64\sechost.dll
0x75880000 - 0x75970000 	C:\Windows\syswow64\RPCRT4.dll
0x75820000 - 0x75880000 	C:\Windows\syswow64\SspiCli.dll
0x75810000 - 0x7581c000 	C:\Windows\syswow64\CRYPTBASE.dll
0x75c00000 - 0x75d00000 	C:\Windows\syswow64\USER32.dll
0x75ea0000 - 0x75f30000 	C:\Windows\syswow64\GDI32.dll
0x75e60000 - 0x75e6a000 	C:\Windows\syswow64\LPK.dll
0x76380000 - 0x7641d000 	C:\Windows\syswow64\USP10.dll
0x76190000 - 0x761f0000 	C:\Windows\system32\IMM32.DLL
0x761f0000 - 0x762bc000 	C:\Windows\syswow64\MSCTF.dll
0x7c340000 - 0x7c396000 	C:\Program Files (x86)\Java\jre6\bin\msvcr71.dll
0x6d7f0000 - 0x6da9f000 	C:\Program Files (x86)\Java\jre6\bin\client\jvm.dll
0x74290000 - 0x742c2000 	C:\Windows\system32\WINMM.dll
0x74010000 - 0x7405b000 	C:\Windows\system32\apphelp.dll
0x6d7a0000 - 0x6d7ac000 	C:\Program Files (x86)\Java\jre6\bin\verify.dll
0x6d320000 - 0x6d33f000 	C:\Program Files (x86)\Java\jre6\bin\java.dll
0x75d00000 - 0x75d05000 	C:\Windows\system32\PSAPI.DLL
0x6d7e0000 - 0x6d7ef000 	C:\Program Files (x86)\Java\jre6\bin\zip.dll
0x6d000000 - 0x6d14b000 	C:\Program Files (x86)\Java\jre6\bin\awt.dll
0x73750000 - 0x737a1000 	C:\Windows\system32\WINSPOOL.DRV
0x767b0000 - 0x7690c000 	C:\Windows\syswow64\ole32.dll
0x74060000 - 0x741fe000 	C:\Windows\WinSxS\x86_microsoft.windows.common-controls_6595b64144ccf1df_6.0.7600.16385_none_421189da2b7fabfc\COMCTL32.dll
0x75d10000 - 0x75d67000 	C:\Windows\syswow64\SHLWAPI.dll
0x75a70000 - 0x75af4000 	C:\Windows\WinSxS\x86_microsoft.windows.common-controls_6595b64144ccf1df_5.82.7600.16385_none_ebf82fc36c758ad5\comctl32.dll
0x736a0000 - 0x736b3000 	C:\Windows\system32\DWMAPI.DLL
0x73920000 - 0x739a0000 	C:\Windows\system32\uxtheme.dll
0x3aa00000 - 0x3ab06000 	C:\Program Files (x86)\ABBYY Lingvo x3\LvHook.dll
0x76b30000 - 0x77779000 	C:\Windows\syswow64\SHELL32.dll
0x765c0000 - 0x7664f000 	C:\Windows\syswow64\OLEAUT32.dll
0x6d230000 - 0x6d27f000 	C:\Program Files (x86)\Java\jre6\bin\fontmanager.dll
0x6f2e0000 - 0x6f4a3000 	C:\Windows\system32\d3d9.dll
0x74280000 - 0x74289000 	C:\Windows\system32\VERSION.dll
0x73880000 - 0x73886000 	C:\Windows\system32\d3d8thk.dll
0x6e4c0000 - 0x6ec1c000 	C:\Windows\system32\nvd3dum.dll
0x73850000 - 0x73875000 	C:\Windows\system32\powrprof.dll
0x76420000 - 0x765bd000 	C:\Windows\syswow64\SETUPAPI.dll
0x75bd0000 - 0x75bf7000 	C:\Windows\syswow64\CFGMGR32.dll
0x762c0000 - 0x762d2000 	C:\Windows\syswow64\DEVOBJ.dll
0x6d600000 - 0x6d613000 	C:\Program Files (x86)\Java\jre6\bin\net.dll
0x75dc0000 - 0x75df5000 	C:\Windows\syswow64\WS2_32.dll
0x76370000 - 0x76376000 	C:\Windows\syswow64\NSI.dll
0x73c70000 - 0x73cac000 	C:\Windows\system32\mswsock.dll
0x73c40000 - 0x73c46000 	C:\Windows\System32\wship6.dll
0x6d620000 - 0x6d629000 	C:\Program Files (x86)\Java\jre6\bin\nio.dll
0x6d1a0000 - 0x6d1c3000 	C:\Program Files (x86)\Java\jre6\bin\dcpr.dll
0x762e0000 - 0x76363000 	C:\Windows\syswow64\CLBCatQ.DLL
0x743b0000 - 0x743b7000 	C:\Windows\system32\msiltcfg.dll
0x72b10000 - 0x72d50000 	C:\Windows\system32\msi.dll
0x73c60000 - 0x73c65000 	C:\Windows\System32\wshtcpip.dll
0x73c50000 - 0x73c53000 	C:\Windows\SysWOW64\SFC.DLL
0x73c30000 - 0x73c3d000 	C:\Windows\system32\sfc_os.DLL
0x73eb0000 - 0x73fa5000 	C:\Windows\system32\propsys.dll
0x72ad0000 - 0x72af1000 	C:\Windows\system32\ntmarta.dll
0x75d70000 - 0x75db5000 	C:\Windows\syswow64\WLDAP32.dll
0x6f140000 - 0x6f2d8000 	C:\Windows\system32\NetworkExplorer.dll
0x736c0000 - 0x736ee000 	C:\Windows\System32\shdocvw.dll
0x74000000 - 0x7400b000 	C:\Windows\system32\profapi.dll
0x73e10000 - 0x73e1a000 	C:\Windows\system32\slc.dll
0x74930000 - 0x74942000 	C:\Windows\system32\MPR.dll
0x10000000 - 0x10013000 	C:\Program Files (x86)\Common Files\Adobe\Adobe Drive CS4\AdobeDriveCS4_NP.dll
0x74960000 - 0x74968000 	C:\Windows\System32\drprov.dll
0x72960000 - 0x72989000 	C:\Windows\System32\WINSTA.dll
0x74910000 - 0x74924000 	C:\Windows\System32\ntlanman.dll
0x748f0000 - 0x74906000 	C:\Windows\System32\davclnt.dll
0x74950000 - 0x74958000 	C:\Windows\System32\DAVHLPR.dll
0x72d50000 - 0x72d5f000 	C:\Windows\system32\wkscli.dll
0x73fe0000 - 0x73feb000 	C:\Windows\system32\cscapi.dll
0x72d60000 - 0x72d69000 	C:\Windows\system32\netutils.dll
0x71b60000 - 0x71be9000 	C:\Windows\system32\PortableDeviceApi.dll
0x75e70000 - 0x75e9d000 	C:\Windows\syswow64\WINTRUST.dll
0x76a10000 - 0x76b2c000 	C:\Windows\syswow64\CRYPT32.dll
0x75e50000 - 0x75e5c000 	C:\Windows\syswow64\MSASN1.dll
0x71af0000 - 0x71b12000 	C:\Windows\system32\EhStorAPI.dll
0x73ff0000 - 0x73ff9000 	C:\Windows\system32\LINKINFO.dll
0x729e0000 - 0x72acb000 	C:\Windows\system32\dbghelp.dll

VM Arguments:
jvm_args: -Djava.library.path=D:\Documents\M-Business Important\ICTV-Tool\COMPILING\MSS -Dfile.encoding=Cp1251 
java_command: base_gui.Launcher
Launcher Type: SUN_STANDARD

Environment Variables:
PATH=C:/Program Files (x86)/Java/jre6/bin/client;C:/Program Files (x86)/Java/jre6/bin;C:\Windows\system32;C:\Windows;C:\Windows\System32\Wbem;C:\Windows\System32\WindowsPowerShell\v1.0\;C:\Program Files (x86)\TC UP\PLUGINS\Library;c:\Program Files (x86)\Microsoft SQL Server\90\Tools\binn\;D:\Program files\Delphi Prism\bin;D:\Program files\MatLab\runtime\win64;D:\Program files\MatLab\bin
USERNAME=RX Inc
OS=Windows_NT
PROCESSOR_IDENTIFIER=AMD64 Family 15 Model 104 Stepping 2, AuthenticAMD



---------------  S Y S T E M  ---------------

OS: Windows 7 Build 7600 

CPU:total 2 (2 cores per cpu, 1 threads per core) family 15 model 104 stepping 2, cmov, cx8, fxsr, mmx, sse, sse2, sse3, mmxext, 3dnow, 3dnowext

Memory: 4k page, physical 4193204k(1545412k free), swap 8256080k(5057116k free)

vm_info: Java HotSpot(TM) Client VM (20.1-b02) for windows-x86 JRE (1.6.0_26-b03), built on May  4 2011 00:50:59 by "java_re" with MS VC++ 7.1 (VS2003)

time: Thu Jun 30 09:03:04 2011
elapsed time: 67745 seconds

